{"D:\\Dicoding\\Back-End\\backend-expert\\src\\Applications\\security\\AuthenticationTokenManager.js": {"path":"D:\\Dicoding\\Back-End\\backend-expert\\src\\Applications\\security\\AuthenticationTokenManager.js","statementMap":{"0":{"start":{"line":4,"column":4},"end":{"line":4,"column":75}},"1":{"start":{"line":8,"column":4},"end":{"line":8,"column":75}},"2":{"start":{"line":12,"column":4},"end":{"line":12,"column":75}},"3":{"start":{"line":16,"column":4},"end":{"line":16,"column":75}},"4":{"start":{"line":20,"column":0},"end":{"line":20,"column":44}}},"fnMap":{"0":{"name":"(anonymous_0)","decl":{"start":{"line":3,"column":2},"end":{"line":3,"column":3}},"loc":{"start":{"line":3,"column":36},"end":{"line":5,"column":3}},"line":3},"1":{"name":"(anonymous_1)","decl":{"start":{"line":7,"column":2},"end":{"line":7,"column":3}},"loc":{"start":{"line":7,"column":35},"end":{"line":9,"column":3}},"line":7},"2":{"name":"(anonymous_2)","decl":{"start":{"line":11,"column":2},"end":{"line":11,"column":3}},"loc":{"start":{"line":11,"column":34},"end":{"line":13,"column":3}},"line":11},"3":{"name":"(anonymous_3)","decl":{"start":{"line":15,"column":2},"end":{"line":15,"column":3}},"loc":{"start":{"line":15,"column":24},"end":{"line":17,"column":3}},"line":15}},"branchMap":{},"s":{"0":1,"1":1,"2":1,"3":1,"4":5},"f":{"0":1,"1":1,"2":1,"3":1},"b":{},"_coverageSchema":"1a1c01bbd47fc00a2c39e90264f33305004495a9","hash":"4d91b27c2ff36750a8732b488e8985129d2d9c34"}
,"D:\\Dicoding\\Back-End\\backend-expert\\src\\Applications\\security\\PasswordHash.js": {"path":"D:\\Dicoding\\Back-End\\backend-expert\\src\\Applications\\security\\PasswordHash.js","statementMap":{"0":{"start":{"line":3,"column":4},"end":{"line":3,"column":60}},"1":{"start":{"line":6,"column":4},"end":{"line":6,"column":60}},"2":{"start":{"line":9,"column":0},"end":{"line":9,"column":30}}},"fnMap":{"0":{"name":"(anonymous_0)","decl":{"start":{"line":2,"column":2},"end":{"line":2,"column":3}},"loc":{"start":{"line":2,"column":23},"end":{"line":4,"column":3}},"line":2},"1":{"name":"(anonymous_1)","decl":{"start":{"line":5,"column":2},"end":{"line":5,"column":3}},"loc":{"start":{"line":5,"column":42},"end":{"line":7,"column":3}},"line":5}},"branchMap":{},"s":{"0":1,"1":0,"2":5},"f":{"0":1,"1":0},"b":{},"_coverageSchema":"1a1c01bbd47fc00a2c39e90264f33305004495a9","hash":"3df853c833147ed25c28e5329a9be34a1728e53e"}
,"D:\\Dicoding\\Back-End\\backend-expert\\src\\Applications\\use_case\\AddCommentUseCase.js": {"path":"D:\\Dicoding\\Back-End\\backend-expert\\src\\Applications\\use_case\\AddCommentUseCase.js","statementMap":{"0":{"start":{"line":2,"column":19},"end":{"line":2,"column":72}},"1":{"start":{"line":6,"column":4},"end":{"line":6,"column":48}},"2":{"start":{"line":7,"column":4},"end":{"line":7,"column":46}},"3":{"start":{"line":11,"column":23},"end":{"line":11,"column":53}},"4":{"start":{"line":12,"column":4},"end":{"line":12,"column":76}},"5":{"start":{"line":13,"column":4},"end":{"line":13,"column":58}},"6":{"start":{"line":16,"column":0},"end":{"line":16,"column":35}}},"fnMap":{"0":{"name":"(anonymous_0)","decl":{"start":{"line":5,"column":2},"end":{"line":5,"column":3}},"loc":{"start":{"line":5,"column":53},"end":{"line":8,"column":3}},"line":5},"1":{"name":"(anonymous_1)","decl":{"start":{"line":10,"column":2},"end":{"line":10,"column":3}},"loc":{"start":{"line":10,"column":32},"end":{"line":14,"column":3}},"line":10}},"branchMap":{},"s":{"0":2,"1":1,"2":1,"3":1,"4":1,"5":1,"6":2},"f":{"0":1,"1":1},"b":{},"_coverageSchema":"1a1c01bbd47fc00a2c39e90264f33305004495a9","hash":"f28ced1bc09e3a13faa6c57e3ef08c9d05345c9a"}
,"D:\\Dicoding\\Back-End\\backend-expert\\src\\Applications\\use_case\\AddReplyCommentUseCase.js": {"path":"D:\\Dicoding\\Back-End\\backend-expert\\src\\Applications\\use_case\\AddReplyCommentUseCase.js","statementMap":{"0":{"start":{"line":1,"column":17},"end":{"line":1,"column":74}},"1":{"start":{"line":5,"column":4},"end":{"line":5,"column":58}},"2":{"start":{"line":6,"column":4},"end":{"line":6,"column":48}},"3":{"start":{"line":10,"column":21},"end":{"line":10,"column":49}},"4":{"start":{"line":11,"column":4},"end":{"line":11,"column":78}},"5":{"start":{"line":12,"column":4},"end":{"line":12,"column":66}},"6":{"start":{"line":16,"column":0},"end":{"line":16,"column":45}}},"fnMap":{"0":{"name":"(anonymous_0)","decl":{"start":{"line":4,"column":2},"end":{"line":4,"column":3}},"loc":{"start":{"line":4,"column":59},"end":{"line":7,"column":3}},"line":4},"1":{"name":"(anonymous_1)","decl":{"start":{"line":9,"column":2},"end":{"line":9,"column":3}},"loc":{"start":{"line":9,"column":32},"end":{"line":13,"column":3}},"line":9}},"branchMap":{},"s":{"0":2,"1":1,"2":1,"3":1,"4":1,"5":1,"6":2},"f":{"0":1,"1":1},"b":{},"_coverageSchema":"1a1c01bbd47fc00a2c39e90264f33305004495a9","hash":"b15fd1740933ce4b6f7ad42269d9425311fd5a35"}
,"D:\\Dicoding\\Back-End\\backend-expert\\src\\Applications\\use_case\\AddThreadUseCase.js": {"path":"D:\\Dicoding\\Back-End\\backend-expert\\src\\Applications\\use_case\\AddThreadUseCase.js","statementMap":{"0":{"start":{"line":1,"column":18},"end":{"line":1,"column":69}},"1":{"start":{"line":5,"column":4},"end":{"line":5,"column":46}},"2":{"start":{"line":9,"column":22},"end":{"line":9,"column":51}},"3":{"start":{"line":10,"column":4},"end":{"line":10,"column":55}},"4":{"start":{"line":13,"column":0},"end":{"line":13,"column":34}}},"fnMap":{"0":{"name":"(anonymous_0)","decl":{"start":{"line":4,"column":2},"end":{"line":4,"column":3}},"loc":{"start":{"line":4,"column":34},"end":{"line":6,"column":3}},"line":4},"1":{"name":"(anonymous_1)","decl":{"start":{"line":8,"column":2},"end":{"line":8,"column":3}},"loc":{"start":{"line":8,"column":32},"end":{"line":11,"column":3}},"line":8}},"branchMap":{},"s":{"0":2,"1":1,"2":1,"3":0,"4":2},"f":{"0":1,"1":1},"b":{},"_coverageSchema":"1a1c01bbd47fc00a2c39e90264f33305004495a9","hash":"4e6a2f1f856a4f5cec9ef4ffb93ea133ba444d61"}
,"D:\\Dicoding\\Back-End\\backend-expert\\src\\Applications\\use_case\\AddUserUseCase.js": {"path":"D:\\Dicoding\\Back-End\\backend-expert\\src\\Applications\\use_case\\AddUserUseCase.js","statementMap":{"0":{"start":{"line":1,"column":21},"end":{"line":1,"column":73}},"1":{"start":{"line":5,"column":4},"end":{"line":5,"column":42}},"2":{"start":{"line":6,"column":4},"end":{"line":6,"column":38}},"3":{"start":{"line":10,"column":25},"end":{"line":10,"column":57}},"4":{"start":{"line":11,"column":4},"end":{"line":11,"column":78}},"5":{"start":{"line":12,"column":4},"end":{"line":12,"column":81}},"6":{"start":{"line":13,"column":4},"end":{"line":13,"column":54}},"7":{"start":{"line":17,"column":0},"end":{"line":17,"column":32}}},"fnMap":{"0":{"name":"(anonymous_0)","decl":{"start":{"line":4,"column":2},"end":{"line":4,"column":3}},"loc":{"start":{"line":4,"column":46},"end":{"line":7,"column":3}},"line":4},"1":{"name":"(anonymous_1)","decl":{"start":{"line":9,"column":2},"end":{"line":9,"column":3}},"loc":{"start":{"line":9,"column":32},"end":{"line":14,"column":3}},"line":9}},"branchMap":{},"s":{"0":2,"1":2,"2":2,"3":5,"4":3,"5":2,"6":2,"7":2},"f":{"0":2,"1":5},"b":{},"_coverageSchema":"1a1c01bbd47fc00a2c39e90264f33305004495a9","hash":"07233d7f2a86d9088cdddeabd880ed894c6dddb6"}
,"D:\\Dicoding\\Back-End\\backend-expert\\src\\Applications\\use_case\\DeleteAuthenticationUseCase.js": {"path":"D:\\Dicoding\\Back-End\\backend-expert\\src\\Applications\\use_case\\DeleteAuthenticationUseCase.js","statementMap":{"0":{"start":{"line":5,"column":4},"end":{"line":5,"column":62}},"1":{"start":{"line":9,"column":4},"end":{"line":9,"column":42}},"2":{"start":{"line":10,"column":27},"end":{"line":10,"column":41}},"3":{"start":{"line":11,"column":4},"end":{"line":11,"column":78}},"4":{"start":{"line":12,"column":4},"end":{"line":12,"column":67}},"5":{"start":{"line":16,"column":27},"end":{"line":16,"column":34}},"6":{"start":{"line":17,"column":4},"end":{"line":19,"column":5}},"7":{"start":{"line":18,"column":6},"end":{"line":18,"column":82}},"8":{"start":{"line":21,"column":4},"end":{"line":23,"column":5}},"9":{"start":{"line":22,"column":6},"end":{"line":22,"column":97}},"10":{"start":{"line":27,"column":0},"end":{"line":27,"column":45}}},"fnMap":{"0":{"name":"(anonymous_0)","decl":{"start":{"line":2,"column":2},"end":{"line":2,"column":3}},"loc":{"start":{"line":4,"column":5},"end":{"line":6,"column":3}},"line":4},"1":{"name":"(anonymous_1)","decl":{"start":{"line":8,"column":2},"end":{"line":8,"column":3}},"loc":{"start":{"line":8,"column":32},"end":{"line":13,"column":3}},"line":8},"2":{"name":"(anonymous_2)","decl":{"start":{"line":15,"column":2},"end":{"line":15,"column":3}},"loc":{"start":{"line":15,"column":28},"end":{"line":24,"column":3}},"line":15}},"branchMap":{"0":{"loc":{"start":{"line":17,"column":4},"end":{"line":19,"column":5}},"type":"if","locations":[{"start":{"line":17,"column":4},"end":{"line":19,"column":5}},{"start":{},"end":{}}],"line":17},"1":{"loc":{"start":{"line":21,"column":4},"end":{"line":23,"column":5}},"type":"if","locations":[{"start":{"line":21,"column":4},"end":{"line":23,"column":5}},{"start":{},"end":{}}],"line":21}},"s":{"0":3,"1":3,"2":1,"3":1,"4":1,"5":3,"6":3,"7":1,"8":2,"9":1,"10":1},"f":{"0":3,"1":3,"2":3},"b":{"0":[1,2],"1":[1,1]},"_coverageSchema":"1a1c01bbd47fc00a2c39e90264f33305004495a9","hash":"66095addbc21b0547efef4e861d1a7f4de183f43"}
,"D:\\Dicoding\\Back-End\\backend-expert\\src\\Applications\\use_case\\DeleteCommentUseCase.js": {"path":"D:\\Dicoding\\Back-End\\backend-expert\\src\\Applications\\use_case\\DeleteCommentUseCase.js","statementMap":{"0":{"start":{"line":4,"column":4},"end":{"line":4,"column":48}},"1":{"start":{"line":5,"column":4},"end":{"line":5,"column":46}},"2":{"start":{"line":9,"column":41},"end":{"line":9,"column":55}},"3":{"start":{"line":10,"column":4},"end":{"line":10,"column":65}},"4":{"start":{"line":11,"column":4},"end":{"line":11,"column":69}},"5":{"start":{"line":12,"column":4},"end":{"line":12,"column":69}},"6":{"start":{"line":16,"column":0},"end":{"line":16,"column":38}}},"fnMap":{"0":{"name":"(anonymous_0)","decl":{"start":{"line":3,"column":2},"end":{"line":3,"column":3}},"loc":{"start":{"line":3,"column":53},"end":{"line":6,"column":3}},"line":3},"1":{"name":"(anonymous_1)","decl":{"start":{"line":8,"column":2},"end":{"line":8,"column":3}},"loc":{"start":{"line":8,"column":32},"end":{"line":13,"column":3}},"line":8}},"branchMap":{},"s":{"0":0,"1":0,"2":0,"3":0,"4":0,"5":0,"6":1},"f":{"0":0,"1":0},"b":{},"_coverageSchema":"1a1c01bbd47fc00a2c39e90264f33305004495a9","hash":"083eb197792ad62f3c84299854a35e3382089880"}
,"D:\\Dicoding\\Back-End\\backend-expert\\src\\Applications\\use_case\\DeleteReplyCommentUseCase.js": {"path":"D:\\Dicoding\\Back-End\\backend-expert\\src\\Applications\\use_case\\DeleteReplyCommentUseCase.js","statementMap":{"0":{"start":{"line":4,"column":4},"end":{"line":4,"column":58}},"1":{"start":{"line":5,"column":4},"end":{"line":5,"column":48}},"2":{"start":{"line":9,"column":50},"end":{"line":9,"column":64}},"3":{"start":{"line":11,"column":4},"end":{"line":11,"column":96}},"4":{"start":{"line":12,"column":4},"end":{"line":12,"column":70}},"5":{"start":{"line":13,"column":4},"end":{"line":13,"column":77}},"6":{"start":{"line":18,"column":0},"end":{"line":18,"column":43}}},"fnMap":{"0":{"name":"(anonymous_0)","decl":{"start":{"line":3,"column":2},"end":{"line":3,"column":3}},"loc":{"start":{"line":3,"column":59},"end":{"line":6,"column":3}},"line":3},"1":{"name":"(anonymous_1)","decl":{"start":{"line":8,"column":2},"end":{"line":8,"column":3}},"loc":{"start":{"line":8,"column":32},"end":{"line":14,"column":3}},"line":8}},"branchMap":{},"s":{"0":0,"1":0,"2":0,"3":0,"4":0,"5":0,"6":1},"f":{"0":0,"1":0},"b":{},"_coverageSchema":"1a1c01bbd47fc00a2c39e90264f33305004495a9","hash":"06a17cffb415d240aacc36908a0615b72d5fa019"}
,"D:\\Dicoding\\Back-End\\backend-expert\\src\\Applications\\use_case\\DetailThreadUseCase.js": {"path":"D:\\Dicoding\\Back-End\\backend-expert\\src\\Applications\\use_case\\DetailThreadUseCase.js","statementMap":{"0":{"start":{"line":3,"column":4},"end":{"line":3,"column":46}},"1":{"start":{"line":4,"column":4},"end":{"line":4,"column":55}},"2":{"start":{"line":5,"column":4},"end":{"line":5,"column":58}},"3":{"start":{"line":9,"column":25},"end":{"line":9,"column":89}},"4":{"start":{"line":10,"column":21},"end":{"line":10,"column":95}},"5":{"start":{"line":11,"column":20},"end":{"line":11,"column":91}},"6":{"start":{"line":13,"column":4},"end":{"line":13,"column":78}},"7":{"start":{"line":14,"column":4},"end":{"line":14,"column":24}},"8":{"start":{"line":18,"column":4},"end":{"line":27,"column":7}},"9":{"start":{"line":19,"column":6},"end":{"line":19,"column":81}},"10":{"start":{"line":19,"column":82},"end":{"line":19,"column":108}},"11":{"start":{"line":20,"column":6},"end":{"line":25,"column":13}},"12":{"start":{"line":20,"column":51},"end":{"line":20,"column":82}},"13":{"start":{"line":22,"column":12},"end":{"line":22,"column":85}},"14":{"start":{"line":23,"column":12},"end":{"line":23,"column":36}},"15":{"start":{"line":23,"column":37},"end":{"line":23,"column":61}},"16":{"start":{"line":24,"column":12},"end":{"line":24,"column":25}},"17":{"start":{"line":26,"column":6},"end":{"line":26,"column":21}},"18":{"start":{"line":31,"column":0},"end":{"line":31,"column":37}}},"fnMap":{"0":{"name":"(anonymous_0)","decl":{"start":{"line":2,"column":2},"end":{"line":2,"column":3}},"loc":{"start":{"line":2,"column":77},"end":{"line":6,"column":3}},"line":2},"1":{"name":"(anonymous_1)","decl":{"start":{"line":8,"column":2},"end":{"line":8,"column":3}},"loc":{"start":{"line":8,"column":32},"end":{"line":15,"column":3}},"line":8},"2":{"name":"(anonymous_2)","decl":{"start":{"line":17,"column":2},"end":{"line":17,"column":3}},"loc":{"start":{"line":17,"column":47},"end":{"line":28,"column":3}},"line":17},"3":{"name":"(anonymous_3)","decl":{"start":{"line":18,"column":25},"end":{"line":18,"column":26}},"loc":{"start":{"line":18,"column":38},"end":{"line":27,"column":5}},"line":18},"4":{"name":"(anonymous_4)","decl":{"start":{"line":20,"column":40},"end":{"line":20,"column":41}},"loc":{"start":{"line":20,"column":51},"end":{"line":20,"column":82}},"line":20},"5":{"name":"(anonymous_5)","decl":{"start":{"line":21,"column":15},"end":{"line":21,"column":16}},"loc":{"start":{"line":21,"column":24},"end":{"line":25,"column":11}},"line":21}},"branchMap":{"0":{"loc":{"start":{"line":19,"column":6},"end":{"line":19,"column":80}},"type":"cond-expr","locations":[{"start":{"line":19,"column":29},"end":{"line":19,"column":75}},{"start":{"line":19,"column":78},"end":{"line":19,"column":80}}],"line":19},"1":{"loc":{"start":{"line":22,"column":12},"end":{"line":22,"column":84}},"type":"cond-expr","locations":[{"start":{"line":22,"column":34},"end":{"line":22,"column":78}},{"start":{"line":22,"column":82},"end":{"line":22,"column":84}}],"line":22}},"s":{"0":0,"1":0,"2":0,"3":0,"4":0,"5":0,"6":0,"7":0,"8":0,"9":0,"10":0,"11":0,"12":0,"13":0,"14":0,"15":0,"16":0,"17":0,"18":1},"f":{"0":0,"1":0,"2":0,"3":0,"4":0,"5":0},"b":{"0":[0,0],"1":[0,0]},"_coverageSchema":"1a1c01bbd47fc00a2c39e90264f33305004495a9","hash":"048b3ae82e55d19df5b96e2dc7a958549ae618ca"}
,"D:\\Dicoding\\Back-End\\backend-expert\\src\\Applications\\use_case\\LoginUserUseCase.js": {"path":"D:\\Dicoding\\Back-End\\backend-expert\\src\\Applications\\use_case\\LoginUserUseCase.js","statementMap":{"0":{"start":{"line":1,"column":18},"end":{"line":1,"column":67}},"1":{"start":{"line":2,"column":26},"end":{"line":2,"column":83}},"2":{"start":{"line":11,"column":4},"end":{"line":11,"column":42}},"3":{"start":{"line":12,"column":4},"end":{"line":12,"column":62}},"4":{"start":{"line":13,"column":4},"end":{"line":13,"column":66}},"5":{"start":{"line":14,"column":4},"end":{"line":14,"column":38}},"6":{"start":{"line":18,"column":33},"end":{"line":18,"column":62}},"7":{"start":{"line":19,"column":30},"end":{"line":19,"column":88}},"8":{"start":{"line":20,"column":4},"end":{"line":20,"column":74}},"9":{"start":{"line":21,"column":15},"end":{"line":21,"column":67}},"10":{"start":{"line":22,"column":24},"end":{"line":23,"column":42}},"11":{"start":{"line":24,"column":25},"end":{"line":25,"column":43}},"12":{"start":{"line":27,"column":30},"end":{"line":30,"column":6}},"13":{"start":{"line":32,"column":4},"end":{"line":32,"column":82}},"14":{"start":{"line":34,"column":4},"end":{"line":34,"column":29}},"15":{"start":{"line":38,"column":0},"end":{"line":38,"column":34}}},"fnMap":{"0":{"name":"(anonymous_0)","decl":{"start":{"line":5,"column":2},"end":{"line":5,"column":3}},"loc":{"start":{"line":10,"column":5},"end":{"line":15,"column":3}},"line":10},"1":{"name":"(anonymous_1)","decl":{"start":{"line":17,"column":2},"end":{"line":17,"column":3}},"loc":{"start":{"line":17,"column":32},"end":{"line":35,"column":3}},"line":17}},"branchMap":{},"s":{"0":2,"1":2,"2":1,"3":1,"4":1,"5":1,"6":1,"7":1,"8":1,"9":1,"10":1,"11":1,"12":1,"13":1,"14":1,"15":2},"f":{"0":1,"1":1},"b":{},"_coverageSchema":"1a1c01bbd47fc00a2c39e90264f33305004495a9","hash":"acdfee0cc4bba18b8c3ca8b01bf9033a7047cd8f"}
,"D:\\Dicoding\\Back-End\\backend-expert\\src\\Applications\\use_case\\LogoutUserUseCase.js": {"path":"D:\\Dicoding\\Back-End\\backend-expert\\src\\Applications\\use_case\\LogoutUserUseCase.js","statementMap":{"0":{"start":{"line":5,"column":4},"end":{"line":5,"column":62}},"1":{"start":{"line":9,"column":4},"end":{"line":9,"column":42}},"2":{"start":{"line":10,"column":27},"end":{"line":10,"column":41}},"3":{"start":{"line":11,"column":4},"end":{"line":11,"column":78}},"4":{"start":{"line":12,"column":4},"end":{"line":12,"column":67}},"5":{"start":{"line":16,"column":27},"end":{"line":16,"column":34}},"6":{"start":{"line":17,"column":4},"end":{"line":19,"column":5}},"7":{"start":{"line":18,"column":6},"end":{"line":18,"column":82}},"8":{"start":{"line":21,"column":4},"end":{"line":23,"column":5}},"9":{"start":{"line":22,"column":6},"end":{"line":22,"column":97}},"10":{"start":{"line":27,"column":0},"end":{"line":27,"column":35}}},"fnMap":{"0":{"name":"(anonymous_0)","decl":{"start":{"line":2,"column":2},"end":{"line":2,"column":3}},"loc":{"start":{"line":4,"column":5},"end":{"line":6,"column":3}},"line":4},"1":{"name":"(anonymous_1)","decl":{"start":{"line":8,"column":2},"end":{"line":8,"column":3}},"loc":{"start":{"line":8,"column":32},"end":{"line":13,"column":3}},"line":8},"2":{"name":"(anonymous_2)","decl":{"start":{"line":15,"column":2},"end":{"line":15,"column":3}},"loc":{"start":{"line":15,"column":28},"end":{"line":24,"column":3}},"line":15}},"branchMap":{"0":{"loc":{"start":{"line":17,"column":4},"end":{"line":19,"column":5}},"type":"if","locations":[{"start":{"line":17,"column":4},"end":{"line":19,"column":5}},{"start":{},"end":{}}],"line":17},"1":{"loc":{"start":{"line":21,"column":4},"end":{"line":23,"column":5}},"type":"if","locations":[{"start":{"line":21,"column":4},"end":{"line":23,"column":5}},{"start":{},"end":{}}],"line":21}},"s":{"0":3,"1":3,"2":1,"3":1,"4":1,"5":3,"6":3,"7":1,"8":2,"9":1,"10":2},"f":{"0":3,"1":3,"2":3},"b":{"0":[1,2],"1":[1,1]},"_coverageSchema":"1a1c01bbd47fc00a2c39e90264f33305004495a9","hash":"368631f1443177c523bb7259c55738231b1c9d10"}
,"D:\\Dicoding\\Back-End\\backend-expert\\src\\Applications\\use_case\\RefreshAuthenticationUseCase.js": {"path":"D:\\Dicoding\\Back-End\\backend-expert\\src\\Applications\\use_case\\RefreshAuthenticationUseCase.js","statementMap":{"0":{"start":{"line":6,"column":4},"end":{"line":6,"column":62}},"1":{"start":{"line":7,"column":4},"end":{"line":7,"column":66}},"2":{"start":{"line":11,"column":4},"end":{"line":11,"column":40}},"3":{"start":{"line":12,"column":27},"end":{"line":12,"column":41}},"4":{"start":{"line":14,"column":4},"end":{"line":14,"column":76}},"5":{"start":{"line":15,"column":4},"end":{"line":15,"column":78}},"6":{"start":{"line":17,"column":27},"end":{"line":17,"column":93}},"7":{"start":{"line":19,"column":4},"end":{"line":19,"column":78}},"8":{"start":{"line":23,"column":27},"end":{"line":23,"column":34}},"9":{"start":{"line":25,"column":4},"end":{"line":27,"column":5}},"10":{"start":{"line":26,"column":6},"end":{"line":26,"column":83}},"11":{"start":{"line":29,"column":4},"end":{"line":31,"column":5}},"12":{"start":{"line":30,"column":6},"end":{"line":30,"column":98}},"13":{"start":{"line":35,"column":0},"end":{"line":35,"column":46}}},"fnMap":{"0":{"name":"(anonymous_0)","decl":{"start":{"line":2,"column":2},"end":{"line":2,"column":3}},"loc":{"start":{"line":5,"column":5},"end":{"line":8,"column":3}},"line":5},"1":{"name":"(anonymous_1)","decl":{"start":{"line":10,"column":2},"end":{"line":10,"column":3}},"loc":{"start":{"line":10,"column":32},"end":{"line":20,"column":3}},"line":10},"2":{"name":"(anonymous_2)","decl":{"start":{"line":22,"column":2},"end":{"line":22,"column":3}},"loc":{"start":{"line":22,"column":26},"end":{"line":32,"column":3}},"line":22}},"branchMap":{"0":{"loc":{"start":{"line":25,"column":4},"end":{"line":27,"column":5}},"type":"if","locations":[{"start":{"line":25,"column":4},"end":{"line":27,"column":5}},{"start":{},"end":{}}],"line":25},"1":{"loc":{"start":{"line":29,"column":4},"end":{"line":31,"column":5}},"type":"if","locations":[{"start":{"line":29,"column":4},"end":{"line":31,"column":5}},{"start":{},"end":{}}],"line":29}},"s":{"0":3,"1":3,"2":3,"3":1,"4":1,"5":1,"6":1,"7":1,"8":3,"9":3,"10":1,"11":2,"12":1,"13":2},"f":{"0":3,"1":3,"2":3},"b":{"0":[1,2],"1":[1,1]},"_coverageSchema":"1a1c01bbd47fc00a2c39e90264f33305004495a9","hash":"11eadb2735ebaaede9d0e25ea7fd3401f89c2dc4"}
,"D:\\Dicoding\\Back-End\\backend-expert\\src\\Commons\\exceptions\\AuthenticationError.js": {"path":"D:\\Dicoding\\Back-End\\backend-expert\\src\\Commons\\exceptions\\AuthenticationError.js","statementMap":{"0":{"start":{"line":1,"column":20},"end":{"line":1,"column":44}},"1":{"start":{"line":5,"column":4},"end":{"line":5,"column":24}},"2":{"start":{"line":6,"column":4},"end":{"line":6,"column":38}},"3":{"start":{"line":9,"column":0},"end":{"line":9,"column":37}}},"fnMap":{"0":{"name":"(anonymous_0)","decl":{"start":{"line":4,"column":2},"end":{"line":4,"column":3}},"loc":{"start":{"line":4,"column":23},"end":{"line":7,"column":3}},"line":4}},"branchMap":{},"s":{"0":3,"1":1,"2":1,"3":3},"f":{"0":1},"b":{},"_coverageSchema":"1a1c01bbd47fc00a2c39e90264f33305004495a9","hash":"b97cd497254fcc5322e266c8f73988e0456a6956"}
,"D:\\Dicoding\\Back-End\\backend-expert\\src\\Commons\\exceptions\\AuthorizationError.js": {"path":"D:\\Dicoding\\Back-End\\backend-expert\\src\\Commons\\exceptions\\AuthorizationError.js","statementMap":{"0":{"start":{"line":1,"column":20},"end":{"line":1,"column":44}},"1":{"start":{"line":5,"column":4},"end":{"line":5,"column":24}},"2":{"start":{"line":6,"column":4},"end":{"line":6,"column":37}},"3":{"start":{"line":10,"column":0},"end":{"line":10,"column":36}}},"fnMap":{"0":{"name":"(anonymous_0)","decl":{"start":{"line":4,"column":2},"end":{"line":4,"column":3}},"loc":{"start":{"line":4,"column":23},"end":{"line":7,"column":3}},"line":4}},"branchMap":{},"s":{"0":3,"1":1,"2":1,"3":3},"f":{"0":1},"b":{},"_coverageSchema":"1a1c01bbd47fc00a2c39e90264f33305004495a9","hash":"535c41d6abd2f7340542ea22fad999bf470ac149"}
,"D:\\Dicoding\\Back-End\\backend-expert\\src\\Commons\\exceptions\\ClientError.js": {"path":"D:\\Dicoding\\Back-End\\backend-expert\\src\\Commons\\exceptions\\ClientError.js","statementMap":{"0":{"start":{"line":3,"column":4},"end":{"line":3,"column":19}},"1":{"start":{"line":5,"column":4},"end":{"line":7,"column":5}},"2":{"start":{"line":6,"column":6},"end":{"line":6,"column":59}},"3":{"start":{"line":8,"column":4},"end":{"line":8,"column":33}},"4":{"start":{"line":9,"column":4},"end":{"line":9,"column":30}},"5":{"start":{"line":13,"column":0},"end":{"line":13,"column":29}}},"fnMap":{"0":{"name":"(anonymous_0)","decl":{"start":{"line":2,"column":2},"end":{"line":2,"column":3}},"loc":{"start":{"line":2,"column":41},"end":{"line":10,"column":3}},"line":2}},"branchMap":{"0":{"loc":{"start":{"line":2,"column":23},"end":{"line":2,"column":39}},"type":"default-arg","locations":[{"start":{"line":2,"column":36},"end":{"line":2,"column":39}}],"line":2},"1":{"loc":{"start":{"line":5,"column":4},"end":{"line":7,"column":5}},"type":"if","locations":[{"start":{"line":5,"column":4},"end":{"line":7,"column":5}},{"start":{},"end":{}}],"line":5}},"s":{"0":36,"1":36,"2":1,"3":35,"4":35,"5":14},"f":{"0":36},"b":{"0":[30],"1":[1,35]},"_coverageSchema":"1a1c01bbd47fc00a2c39e90264f33305004495a9","hash":"bb30ecea729ca1a4af1655f7152f4c0aef669ac3"}
,"D:\\Dicoding\\Back-End\\backend-expert\\src\\Commons\\exceptions\\DomainErrorTranslator.js": {"path":"D:\\Dicoding\\Back-End\\backend-expert\\src\\Commons\\exceptions\\DomainErrorTranslator.js","statementMap":{"0":{"start":{"line":1,"column":23},"end":{"line":1,"column":50}},"1":{"start":{"line":3,"column":30},"end":{"line":7,"column":1}},"2":{"start":{"line":5,"column":4},"end":{"line":5,"column":70}},"3":{"start":{"line":9,"column":0},"end":{"line":21,"column":2}},"4":{"start":{"line":22,"column":0},"end":{"line":22,"column":39}}},"fnMap":{"0":{"name":"(anonymous_0)","decl":{"start":{"line":4,"column":2},"end":{"line":4,"column":3}},"loc":{"start":{"line":4,"column":19},"end":{"line":6,"column":3}},"line":4}},"branchMap":{"0":{"loc":{"start":{"line":5,"column":11},"end":{"line":5,"column":69}},"type":"binary-expr","locations":[{"start":{"line":5,"column":11},"end":{"line":5,"column":60}},{"start":{"line":5,"column":64},"end":{"line":5,"column":69}}],"line":5}},"s":{"0":2,"1":2,"2":10,"3":2,"4":2},"f":{"0":10},"b":{"0":[10,4]},"_coverageSchema":"1a1c01bbd47fc00a2c39e90264f33305004495a9","hash":"b0aebcc0db0fa656ac81653174153d47cf798e3f"}
,"D:\\Dicoding\\Back-End\\backend-expert\\src\\Commons\\exceptions\\ForbiddenError.js": {"path":"D:\\Dicoding\\Back-End\\backend-expert\\src\\Commons\\exceptions\\ForbiddenError.js","statementMap":{"0":{"start":{"line":1,"column":20},"end":{"line":1,"column":44}},"1":{"start":{"line":5,"column":4},"end":{"line":5,"column":24}},"2":{"start":{"line":6,"column":4},"end":{"line":6,"column":33}},"3":{"start":{"line":10,"column":0},"end":{"line":10,"column":32}}},"fnMap":{"0":{"name":"(anonymous_0)","decl":{"start":{"line":4,"column":2},"end":{"line":4,"column":3}},"loc":{"start":{"line":4,"column":23},"end":{"line":7,"column":3}},"line":4}},"branchMap":{},"s":{"0":1,"1":1,"2":1,"3":1},"f":{"0":1},"b":{},"_coverageSchema":"1a1c01bbd47fc00a2c39e90264f33305004495a9","hash":"89f1f8c3b5e678babe2cee4d0e51b3ab703ff10f"}
,"D:\\Dicoding\\Back-End\\backend-expert\\src\\Commons\\exceptions\\InvariantError.js": {"path":"D:\\Dicoding\\Back-End\\backend-expert\\src\\Commons\\exceptions\\InvariantError.js","statementMap":{"0":{"start":{"line":1,"column":20},"end":{"line":1,"column":44}},"1":{"start":{"line":5,"column":4},"end":{"line":5,"column":19}},"2":{"start":{"line":6,"column":4},"end":{"line":6,"column":33}},"3":{"start":{"line":9,"column":0},"end":{"line":9,"column":32}}},"fnMap":{"0":{"name":"(anonymous_0)","decl":{"start":{"line":4,"column":2},"end":{"line":4,"column":3}},"loc":{"start":{"line":4,"column":23},"end":{"line":7,"column":3}},"line":4}},"branchMap":{},"s":{"0":6,"1":29,"2":29,"3":6},"f":{"0":29},"b":{},"_coverageSchema":"1a1c01bbd47fc00a2c39e90264f33305004495a9","hash":"525959f38328559c93dc78528d5f68f60ee18241"}
,"D:\\Dicoding\\Back-End\\backend-expert\\src\\Commons\\exceptions\\NotFoundError.js": {"path":"D:\\Dicoding\\Back-End\\backend-expert\\src\\Commons\\exceptions\\NotFoundError.js","statementMap":{"0":{"start":{"line":1,"column":20},"end":{"line":1,"column":44}},"1":{"start":{"line":5,"column":4},"end":{"line":5,"column":24}},"2":{"start":{"line":6,"column":4},"end":{"line":6,"column":32}},"3":{"start":{"line":10,"column":0},"end":{"line":10,"column":31}}},"fnMap":{"0":{"name":"(anonymous_0)","decl":{"start":{"line":4,"column":2},"end":{"line":4,"column":3}},"loc":{"start":{"line":4,"column":23},"end":{"line":7,"column":3}},"line":4}},"branchMap":{},"s":{"0":5,"1":3,"2":3,"3":5},"f":{"0":3},"b":{},"_coverageSchema":"1a1c01bbd47fc00a2c39e90264f33305004495a9","hash":"3019e876802bad15ca3338dcba828a531ba7b5eb"}
,"D:\\Dicoding\\Back-End\\backend-expert\\src\\Domains\\authentications\\AuthenticationRepository.js": {"path":"D:\\Dicoding\\Back-End\\backend-expert\\src\\Domains\\authentications\\AuthenticationRepository.js","statementMap":{"0":{"start":{"line":3,"column":4},"end":{"line":3,"column":72}},"1":{"start":{"line":7,"column":4},"end":{"line":7,"column":72}},"2":{"start":{"line":11,"column":4},"end":{"line":11,"column":72}},"3":{"start":{"line":15,"column":0},"end":{"line":15,"column":42}}},"fnMap":{"0":{"name":"(anonymous_0)","decl":{"start":{"line":2,"column":2},"end":{"line":2,"column":3}},"loc":{"start":{"line":2,"column":24},"end":{"line":4,"column":3}},"line":2},"1":{"name":"(anonymous_1)","decl":{"start":{"line":6,"column":2},"end":{"line":6,"column":3}},"loc":{"start":{"line":6,"column":38},"end":{"line":8,"column":3}},"line":6},"2":{"name":"(anonymous_2)","decl":{"start":{"line":10,"column":2},"end":{"line":10,"column":3}},"loc":{"start":{"line":10,"column":27},"end":{"line":12,"column":3}},"line":10}},"branchMap":{},"s":{"0":1,"1":1,"2":1,"3":7},"f":{"0":1,"1":1,"2":1},"b":{},"_coverageSchema":"1a1c01bbd47fc00a2c39e90264f33305004495a9","hash":"596944dceafab2830a3f2646a49c3974f8b95718"}
,"D:\\Dicoding\\Back-End\\backend-expert\\src\\Domains\\authentications\\entities\\NewAuth.js": {"path":"D:\\Dicoding\\Back-End\\backend-expert\\src\\Domains\\authentications\\entities\\NewAuth.js","statementMap":{"0":{"start":{"line":3,"column":4},"end":{"line":3,"column":33}},"1":{"start":{"line":5,"column":4},"end":{"line":5,"column":43}},"2":{"start":{"line":6,"column":4},"end":{"line":6,"column":45}},"3":{"start":{"line":10,"column":40},"end":{"line":10,"column":47}},"4":{"start":{"line":12,"column":4},"end":{"line":14,"column":5}},"5":{"start":{"line":13,"column":6},"end":{"line":13,"column":62}},"6":{"start":{"line":16,"column":4},"end":{"line":18,"column":5}},"7":{"start":{"line":17,"column":6},"end":{"line":17,"column":67}},"8":{"start":{"line":22,"column":0},"end":{"line":22,"column":25}}},"fnMap":{"0":{"name":"(anonymous_0)","decl":{"start":{"line":2,"column":2},"end":{"line":2,"column":3}},"loc":{"start":{"line":2,"column":23},"end":{"line":7,"column":3}},"line":2},"1":{"name":"(anonymous_1)","decl":{"start":{"line":9,"column":2},"end":{"line":9,"column":3}},"loc":{"start":{"line":9,"column":26},"end":{"line":19,"column":3}},"line":9}},"branchMap":{"0":{"loc":{"start":{"line":12,"column":4},"end":{"line":14,"column":5}},"type":"if","locations":[{"start":{"line":12,"column":4},"end":{"line":14,"column":5}},{"start":{},"end":{}}],"line":12},"1":{"loc":{"start":{"line":12,"column":8},"end":{"line":12,"column":37}},"type":"binary-expr","locations":[{"start":{"line":12,"column":8},"end":{"line":12,"column":20}},{"start":{"line":12,"column":24},"end":{"line":12,"column":37}}],"line":12},"2":{"loc":{"start":{"line":16,"column":4},"end":{"line":18,"column":5}},"type":"if","locations":[{"start":{"line":16,"column":4},"end":{"line":18,"column":5}},{"start":{},"end":{}}],"line":16},"3":{"loc":{"start":{"line":16,"column":8},"end":{"line":16,"column":75}},"type":"binary-expr","locations":[{"start":{"line":16,"column":8},"end":{"line":16,"column":39}},{"start":{"line":16,"column":43},"end":{"line":16,"column":75}}],"line":16}},"s":{"0":5,"1":3,"2":3,"3":5,"4":5,"5":1,"6":4,"7":1,"8":3},"f":{"0":5,"1":5},"b":{"0":[1,4],"1":[5,5],"2":[1,3],"3":[4,4]},"_coverageSchema":"1a1c01bbd47fc00a2c39e90264f33305004495a9","hash":"a0309b9f602e162a2a9b3190216711f59921af75"}
,"D:\\Dicoding\\Back-End\\backend-expert\\src\\Domains\\comments\\CommentRepository.js": {"path":"D:\\Dicoding\\Back-End\\backend-expert\\src\\Domains\\comments\\CommentRepository.js","statementMap":{"0":{"start":{"line":3,"column":4},"end":{"line":3,"column":65}},"1":{"start":{"line":7,"column":4},"end":{"line":7,"column":65}},"2":{"start":{"line":11,"column":4},"end":{"line":11,"column":65}},"3":{"start":{"line":15,"column":4},"end":{"line":15,"column":65}},"4":{"start":{"line":18,"column":0},"end":{"line":18,"column":35}}},"fnMap":{"0":{"name":"(anonymous_0)","decl":{"start":{"line":2,"column":2},"end":{"line":2,"column":3}},"loc":{"start":{"line":2,"column":30},"end":{"line":4,"column":3}},"line":2},"1":{"name":"(anonymous_1)","decl":{"start":{"line":6,"column":2},"end":{"line":6,"column":3}},"loc":{"start":{"line":6,"column":37},"end":{"line":8,"column":3}},"line":6},"2":{"name":"(anonymous_2)","decl":{"start":{"line":10,"column":2},"end":{"line":10,"column":3}},"loc":{"start":{"line":10,"column":21},"end":{"line":12,"column":3}},"line":10},"3":{"name":"(anonymous_3)","decl":{"start":{"line":14,"column":2},"end":{"line":14,"column":3}},"loc":{"start":{"line":14,"column":34},"end":{"line":16,"column":3}},"line":14}},"branchMap":{},"s":{"0":0,"1":1,"2":0,"3":0,"4":4},"f":{"0":0,"1":1,"2":0,"3":0},"b":{},"_coverageSchema":"1a1c01bbd47fc00a2c39e90264f33305004495a9","hash":"096e42ba604dd31e9b7a98f146286a5578c73d30"}
,"D:\\Dicoding\\Back-End\\backend-expert\\src\\Domains\\comments\\entities\\AddComment.js": {"path":"D:\\Dicoding\\Back-End\\backend-expert\\src\\Domains\\comments\\entities\\AddComment.js","statementMap":{"0":{"start":{"line":4,"column":4},"end":{"line":6,"column":5}},"1":{"start":{"line":5,"column":6},"end":{"line":5,"column":65}},"2":{"start":{"line":7,"column":4},"end":{"line":9,"column":5}},"3":{"start":{"line":8,"column":6},"end":{"line":8,"column":70}},"4":{"start":{"line":11,"column":4},"end":{"line":11,"column":23}},"5":{"start":{"line":12,"column":4},"end":{"line":12,"column":27}},"6":{"start":{"line":13,"column":4},"end":{"line":13,"column":29}},"7":{"start":{"line":17,"column":0},"end":{"line":17,"column":28}}},"fnMap":{"0":{"name":"(anonymous_0)","decl":{"start":{"line":3,"column":2},"end":{"line":3,"column":3}},"loc":{"start":{"line":3,"column":42},"end":{"line":14,"column":3}},"line":3}},"branchMap":{"0":{"loc":{"start":{"line":4,"column":4},"end":{"line":6,"column":5}},"type":"if","locations":[{"start":{"line":4,"column":4},"end":{"line":6,"column":5}},{"start":{},"end":{}}],"line":4},"1":{"loc":{"start":{"line":4,"column":8},"end":{"line":4,"column":39}},"type":"binary-expr","locations":[{"start":{"line":4,"column":8},"end":{"line":4,"column":14}},{"start":{"line":4,"column":18},"end":{"line":4,"column":26}},{"start":{"line":4,"column":30},"end":{"line":4,"column":39}}],"line":4},"2":{"loc":{"start":{"line":7,"column":4},"end":{"line":9,"column":5}},"type":"if","locations":[{"start":{"line":7,"column":4},"end":{"line":9,"column":5}},{"start":{},"end":{}}],"line":7},"3":{"loc":{"start":{"line":7,"column":8},"end":{"line":7,"column":95}},"type":"binary-expr","locations":[{"start":{"line":7,"column":8},"end":{"line":7,"column":33}},{"start":{"line":7,"column":36},"end":{"line":7,"column":63}},{"start":{"line":7,"column":67},"end":{"line":7,"column":95}}],"line":7}},"s":{"0":5,"1":1,"2":4,"3":1,"4":3,"5":3,"6":3,"7":4},"f":{"0":5},"b":{"0":[1,4],"1":[5,5,5],"2":[1,3],"3":[4,4,3]},"_coverageSchema":"1a1c01bbd47fc00a2c39e90264f33305004495a9","hash":"4484a7c6e3187f235f9216175e9e1e4badab47a3"}
,"D:\\Dicoding\\Back-End\\backend-expert\\src\\Domains\\comments\\entities\\AddedComment.js": {"path":"D:\\Dicoding\\Back-End\\backend-expert\\src\\Domains\\comments\\entities\\AddedComment.js","statementMap":{"0":{"start":{"line":1,"column":0},"end":{"line":20,"column":2}},"1":{"start":{"line":3,"column":4},"end":{"line":3,"column":33}},"2":{"start":{"line":5,"column":33},"end":{"line":5,"column":40}},"3":{"start":{"line":7,"column":4},"end":{"line":7,"column":27}},"4":{"start":{"line":8,"column":4},"end":{"line":8,"column":17}},"5":{"start":{"line":9,"column":4},"end":{"line":9,"column":23}},"6":{"start":{"line":12,"column":4},"end":{"line":14,"column":5}},"7":{"start":{"line":13,"column":6},"end":{"line":13,"column":67}},"8":{"start":{"line":16,"column":4},"end":{"line":18,"column":5}},"9":{"start":{"line":17,"column":6},"end":{"line":17,"column":72}}},"fnMap":{"0":{"name":"(anonymous_0)","decl":{"start":{"line":2,"column":2},"end":{"line":2,"column":3}},"loc":{"start":{"line":2,"column":23},"end":{"line":10,"column":3}},"line":2},"1":{"name":"(anonymous_1)","decl":{"start":{"line":11,"column":2},"end":{"line":11,"column":3}},"loc":{"start":{"line":11,"column":39},"end":{"line":19,"column":3}},"line":11}},"branchMap":{"0":{"loc":{"start":{"line":12,"column":4},"end":{"line":14,"column":5}},"type":"if","locations":[{"start":{"line":12,"column":4},"end":{"line":14,"column":5}},{"start":{},"end":{}}],"line":12},"1":{"loc":{"start":{"line":12,"column":8},"end":{"line":12,"column":33}},"type":"binary-expr","locations":[{"start":{"line":12,"column":8},"end":{"line":12,"column":11}},{"start":{"line":12,"column":15},"end":{"line":12,"column":23}},{"start":{"line":12,"column":27},"end":{"line":12,"column":33}}],"line":12},"2":{"loc":{"start":{"line":16,"column":4},"end":{"line":18,"column":5}},"type":"if","locations":[{"start":{"line":16,"column":4},"end":{"line":18,"column":5}},{"start":{},"end":{}}],"line":16},"3":{"loc":{"start":{"line":16,"column":8},"end":{"line":16,"column":90}},"type":"binary-expr","locations":[{"start":{"line":16,"column":8},"end":{"line":16,"column":30}},{"start":{"line":16,"column":34},"end":{"line":16,"column":61}},{"start":{"line":16,"column":65},"end":{"line":16,"column":90}}],"line":16}},"s":{"0":3,"1":5,"2":3,"3":3,"4":3,"5":3,"6":5,"7":1,"8":4,"9":1},"f":{"0":5,"1":5},"b":{"0":[1,4],"1":[5,5,5],"2":[1,3],"3":[4,3,3]},"_coverageSchema":"1a1c01bbd47fc00a2c39e90264f33305004495a9","hash":"152af78096a1ba726929874930b4f98e4f243144"}
,"D:\\Dicoding\\Back-End\\backend-expert\\src\\Domains\\reply_comments\\ReplyCommentRepository.js": {"path":"D:\\Dicoding\\Back-End\\backend-expert\\src\\Domains\\reply_comments\\ReplyCommentRepository.js","statementMap":{"0":{"start":{"line":3,"column":4},"end":{"line":3,"column":71}},"1":{"start":{"line":7,"column":4},"end":{"line":7,"column":71}},"2":{"start":{"line":11,"column":4},"end":{"line":11,"column":71}},"3":{"start":{"line":15,"column":4},"end":{"line":15,"column":71}},"4":{"start":{"line":19,"column":4},"end":{"line":19,"column":63}},"5":{"start":{"line":23,"column":0},"end":{"line":23,"column":40}}},"fnMap":{"0":{"name":"(anonymous_0)","decl":{"start":{"line":2,"column":2},"end":{"line":2,"column":3}},"loc":{"start":{"line":2,"column":28},"end":{"line":4,"column":3}},"line":2},"1":{"name":"(anonymous_1)","decl":{"start":{"line":6,"column":2},"end":{"line":6,"column":3}},"loc":{"start":{"line":6,"column":26},"end":{"line":8,"column":3}},"line":6},"2":{"name":"(anonymous_2)","decl":{"start":{"line":10,"column":2},"end":{"line":10,"column":3}},"loc":{"start":{"line":10,"column":33},"end":{"line":12,"column":3}},"line":10},"3":{"name":"(anonymous_3)","decl":{"start":{"line":14,"column":2},"end":{"line":14,"column":3}},"loc":{"start":{"line":14,"column":41},"end":{"line":16,"column":3}},"line":14},"4":{"name":"(anonymous_4)","decl":{"start":{"line":18,"column":2},"end":{"line":18,"column":3}},"loc":{"start":{"line":18,"column":33},"end":{"line":20,"column":3}},"line":18}},"branchMap":{},"s":{"0":0,"1":0,"2":0,"3":0,"4":0,"5":3},"f":{"0":0,"1":0,"2":0,"3":0,"4":0},"b":{},"_coverageSchema":"1a1c01bbd47fc00a2c39e90264f33305004495a9","hash":"8e4b5293e313c805ecdf845e61228cf5b0101d7b"}
,"D:\\Dicoding\\Back-End\\backend-expert\\src\\Domains\\reply_comments\\entities\\AddReply.js": {"path":"D:\\Dicoding\\Back-End\\backend-expert\\src\\Domains\\reply_comments\\entities\\AddReply.js","statementMap":{"0":{"start":{"line":3,"column":4},"end":{"line":5,"column":5}},"1":{"start":{"line":4,"column":6},"end":{"line":4,"column":63}},"2":{"start":{"line":7,"column":4},"end":{"line":9,"column":5}},"3":{"start":{"line":8,"column":6},"end":{"line":8,"column":68}},"4":{"start":{"line":10,"column":4},"end":{"line":10,"column":31}},"5":{"start":{"line":11,"column":4},"end":{"line":11,"column":23}},"6":{"start":{"line":12,"column":4},"end":{"line":12,"column":27}},"7":{"start":{"line":15,"column":0},"end":{"line":15,"column":26}}},"fnMap":{"0":{"name":"(anonymous_0)","decl":{"start":{"line":2,"column":2},"end":{"line":2,"column":3}},"loc":{"start":{"line":2,"column":43},"end":{"line":13,"column":3}},"line":2}},"branchMap":{"0":{"loc":{"start":{"line":3,"column":4},"end":{"line":5,"column":5}},"type":"if","locations":[{"start":{"line":3,"column":4},"end":{"line":5,"column":5}},{"start":{},"end":{}}],"line":3},"1":{"loc":{"start":{"line":7,"column":4},"end":{"line":9,"column":5}},"type":"if","locations":[{"start":{"line":7,"column":4},"end":{"line":9,"column":5}},{"start":{},"end":{}}],"line":7}},"s":{"0":4,"1":0,"2":4,"3":1,"4":3,"5":3,"6":3,"7":3},"f":{"0":4},"b":{"0":[0,4],"1":[1,3]},"_coverageSchema":"1a1c01bbd47fc00a2c39e90264f33305004495a9","hash":"de2c5742ec08697eea4119e185d99aabd42d2d1c"}
,"D:\\Dicoding\\Back-End\\backend-expert\\src\\Domains\\reply_comments\\entities\\AddedReply.js": {"path":"D:\\Dicoding\\Back-End\\backend-expert\\src\\Domains\\reply_comments\\entities\\AddedReply.js","statementMap":{"0":{"start":{"line":4,"column":33},"end":{"line":4,"column":40}},"1":{"start":{"line":5,"column":4},"end":{"line":5,"column":17}},"2":{"start":{"line":6,"column":4},"end":{"line":6,"column":23}},"3":{"start":{"line":7,"column":4},"end":{"line":7,"column":27}},"4":{"start":{"line":10,"column":4},"end":{"line":12,"column":5}},"5":{"start":{"line":11,"column":6},"end":{"line":11,"column":65}},"6":{"start":{"line":14,"column":4},"end":{"line":16,"column":5}},"7":{"start":{"line":15,"column":6},"end":{"line":15,"column":70}},"8":{"start":{"line":20,"column":0},"end":{"line":20,"column":28}}},"fnMap":{"0":{"name":"(anonymous_0)","decl":{"start":{"line":3,"column":2},"end":{"line":3,"column":3}},"loc":{"start":{"line":3,"column":23},"end":{"line":8,"column":3}},"line":3},"1":{"name":"(anonymous_1)","decl":{"start":{"line":9,"column":2},"end":{"line":9,"column":3}},"loc":{"start":{"line":9,"column":30},"end":{"line":17,"column":3}},"line":9}},"branchMap":{"0":{"loc":{"start":{"line":10,"column":4},"end":{"line":12,"column":5}},"type":"if","locations":[{"start":{"line":10,"column":4},"end":{"line":12,"column":5}},{"start":{},"end":{}}],"line":10},"1":{"loc":{"start":{"line":10,"column":8},"end":{"line":10,"column":33}},"type":"binary-expr","locations":[{"start":{"line":10,"column":8},"end":{"line":10,"column":11}},{"start":{"line":10,"column":15},"end":{"line":10,"column":21}},{"start":{"line":10,"column":25},"end":{"line":10,"column":33}}],"line":10},"2":{"loc":{"start":{"line":14,"column":4},"end":{"line":16,"column":5}},"type":"if","locations":[{"start":{"line":14,"column":4},"end":{"line":16,"column":5}},{"start":{},"end":{}}],"line":14},"3":{"loc":{"start":{"line":14,"column":8},"end":{"line":14,"column":80}},"type":"binary-expr","locations":[{"start":{"line":14,"column":8},"end":{"line":14,"column":30}},{"start":{"line":14,"column":34},"end":{"line":14,"column":56}},{"start":{"line":14,"column":60},"end":{"line":14,"column":80}}],"line":14}},"s":{"0":3,"1":3,"2":3,"3":3,"4":0,"5":0,"6":0,"7":0,"8":1},"f":{"0":3,"1":0},"b":{"0":[0,0],"1":[0,0,0],"2":[0,0],"3":[0,0,0]},"_coverageSchema":"1a1c01bbd47fc00a2c39e90264f33305004495a9","hash":"1d2f26b08ff78a61a64f825ad0c6c9a0d0e199a6"}
,"D:\\Dicoding\\Back-End\\backend-expert\\src\\Domains\\threads\\ThreadRepository.js": {"path":"D:\\Dicoding\\Back-End\\backend-expert\\src\\Domains\\threads\\ThreadRepository.js","statementMap":{"0":{"start":{"line":1,"column":0},"end":{"line":13,"column":2}},"1":{"start":{"line":3,"column":4},"end":{"line":3,"column":64}},"2":{"start":{"line":7,"column":4},"end":{"line":7,"column":64}},"3":{"start":{"line":11,"column":4},"end":{"line":11,"column":64}}},"fnMap":{"0":{"name":"(anonymous_0)","decl":{"start":{"line":2,"column":2},"end":{"line":2,"column":3}},"loc":{"start":{"line":2,"column":40},"end":{"line":4,"column":3}},"line":2},"1":{"name":"(anonymous_1)","decl":{"start":{"line":6,"column":2},"end":{"line":6,"column":3}},"loc":{"start":{"line":6,"column":34},"end":{"line":8,"column":3}},"line":6},"2":{"name":"(anonymous_2)","decl":{"start":{"line":10,"column":2},"end":{"line":10,"column":3}},"loc":{"start":{"line":10,"column":38},"end":{"line":12,"column":3}},"line":10}},"branchMap":{},"s":{"0":5,"1":1,"2":1,"3":1},"f":{"0":1,"1":1,"2":1},"b":{},"_coverageSchema":"1a1c01bbd47fc00a2c39e90264f33305004495a9","hash":"a2932d763b574aa55be881a170ee9eaf83b3461b"}
,"D:\\Dicoding\\Back-End\\backend-expert\\src\\Domains\\threads\\entities\\AddThread.js": {"path":"D:\\Dicoding\\Back-End\\backend-expert\\src\\Domains\\threads\\entities\\AddThread.js","statementMap":{"0":{"start":{"line":4,"column":4},"end":{"line":4,"column":46}},"1":{"start":{"line":5,"column":4},"end":{"line":5,"column":23}},"2":{"start":{"line":6,"column":4},"end":{"line":6,"column":23}},"3":{"start":{"line":7,"column":4},"end":{"line":7,"column":21}},"4":{"start":{"line":10,"column":4},"end":{"line":12,"column":5}},"5":{"start":{"line":11,"column":6},"end":{"line":11,"column":64}},"6":{"start":{"line":14,"column":4},"end":{"line":16,"column":5}},"7":{"start":{"line":15,"column":6},"end":{"line":15,"column":69}},"8":{"start":{"line":20,"column":0},"end":{"line":20,"column":27}}},"fnMap":{"0":{"name":"(anonymous_0)","decl":{"start":{"line":3,"column":2},"end":{"line":3,"column":3}},"loc":{"start":{"line":3,"column":36},"end":{"line":8,"column":3}},"line":3},"1":{"name":"(anonymous_1)","decl":{"start":{"line":9,"column":2},"end":{"line":9,"column":3}},"loc":{"start":{"line":9,"column":39},"end":{"line":17,"column":3}},"line":9}},"branchMap":{"0":{"loc":{"start":{"line":10,"column":4},"end":{"line":12,"column":5}},"type":"if","locations":[{"start":{"line":10,"column":4},"end":{"line":12,"column":5}},{"start":{},"end":{}}],"line":10},"1":{"loc":{"start":{"line":10,"column":8},"end":{"line":10,"column":33}},"type":"binary-expr","locations":[{"start":{"line":10,"column":8},"end":{"line":10,"column":14}},{"start":{"line":10,"column":18},"end":{"line":10,"column":24}},{"start":{"line":10,"column":28},"end":{"line":10,"column":33}}],"line":10},"2":{"loc":{"start":{"line":14,"column":4},"end":{"line":16,"column":5}},"type":"if","locations":[{"start":{"line":14,"column":4},"end":{"line":16,"column":5}},{"start":{},"end":{}}],"line":14},"3":{"loc":{"start":{"line":14,"column":8},"end":{"line":14,"column":90}},"type":"binary-expr","locations":[{"start":{"line":14,"column":8},"end":{"line":14,"column":33}},{"start":{"line":14,"column":37},"end":{"line":14,"column":62}},{"start":{"line":14,"column":66},"end":{"line":14,"column":90}}],"line":14}},"s":{"0":4,"1":3,"2":3,"3":3,"4":4,"5":1,"6":3,"7":0,"8":4},"f":{"0":4,"1":4},"b":{"0":[1,3],"1":[4,3,3],"2":[0,3],"3":[3,3,3]},"_coverageSchema":"1a1c01bbd47fc00a2c39e90264f33305004495a9","hash":"c74f997021b1e6df89e89ee63afd0b5c269d4baa"}
,"D:\\Dicoding\\Back-End\\backend-expert\\src\\Domains\\threads\\entities\\AddedThread.js": {"path":"D:\\Dicoding\\Back-End\\backend-expert\\src\\Domains\\threads\\entities\\AddedThread.js","statementMap":{"0":{"start":{"line":3,"column":4},"end":{"line":3,"column":33}},"1":{"start":{"line":5,"column":31},"end":{"line":5,"column":38}},"2":{"start":{"line":7,"column":4},"end":{"line":7,"column":17}},"3":{"start":{"line":8,"column":4},"end":{"line":8,"column":23}},"4":{"start":{"line":9,"column":4},"end":{"line":9,"column":23}},"5":{"start":{"line":13,"column":4},"end":{"line":15,"column":5}},"6":{"start":{"line":14,"column":6},"end":{"line":14,"column":66}},"7":{"start":{"line":17,"column":4},"end":{"line":19,"column":5}},"8":{"start":{"line":18,"column":6},"end":{"line":18,"column":71}},"9":{"start":{"line":23,"column":0},"end":{"line":23,"column":29}}},"fnMap":{"0":{"name":"(anonymous_0)","decl":{"start":{"line":2,"column":2},"end":{"line":2,"column":3}},"loc":{"start":{"line":2,"column":23},"end":{"line":10,"column":3}},"line":2},"1":{"name":"(anonymous_1)","decl":{"start":{"line":12,"column":2},"end":{"line":12,"column":3}},"loc":{"start":{"line":12,"column":37},"end":{"line":20,"column":3}},"line":12}},"branchMap":{"0":{"loc":{"start":{"line":13,"column":4},"end":{"line":15,"column":5}},"type":"if","locations":[{"start":{"line":13,"column":4},"end":{"line":15,"column":5}},{"start":{},"end":{}}],"line":13},"1":{"loc":{"start":{"line":13,"column":8},"end":{"line":13,"column":31}},"type":"binary-expr","locations":[{"start":{"line":13,"column":8},"end":{"line":13,"column":11}},{"start":{"line":13,"column":15},"end":{"line":13,"column":21}},{"start":{"line":13,"column":25},"end":{"line":13,"column":31}}],"line":13},"2":{"loc":{"start":{"line":17,"column":4},"end":{"line":19,"column":5}},"type":"if","locations":[{"start":{"line":17,"column":4},"end":{"line":19,"column":5}},{"start":{},"end":{}}],"line":17},"3":{"loc":{"start":{"line":17,"column":8},"end":{"line":17,"column":88}},"type":"binary-expr","locations":[{"start":{"line":17,"column":8},"end":{"line":17,"column":30}},{"start":{"line":17,"column":34},"end":{"line":17,"column":59}},{"start":{"line":17,"column":63},"end":{"line":17,"column":88}}],"line":17}},"s":{"0":4,"1":2,"2":2,"3":2,"4":2,"5":4,"6":1,"7":3,"8":1,"9":4},"f":{"0":4,"1":4},"b":{"0":[1,3],"1":[4,4,3],"2":[1,2],"3":[3,2,2]},"_coverageSchema":"1a1c01bbd47fc00a2c39e90264f33305004495a9","hash":"7d21dff2cec1268e2862d30c0872ab90b7f86848"}
,"D:\\Dicoding\\Back-End\\backend-expert\\src\\Domains\\users\\UserRepository.js": {"path":"D:\\Dicoding\\Back-End\\backend-expert\\src\\Domains\\users\\UserRepository.js","statementMap":{"0":{"start":{"line":3,"column":4},"end":{"line":3,"column":62}},"1":{"start":{"line":7,"column":4},"end":{"line":7,"column":62}},"2":{"start":{"line":10,"column":4},"end":{"line":10,"column":62}},"3":{"start":{"line":13,"column":4},"end":{"line":13,"column":62}},"4":{"start":{"line":17,"column":0},"end":{"line":17,"column":32}}},"fnMap":{"0":{"name":"(anonymous_0)","decl":{"start":{"line":2,"column":2},"end":{"line":2,"column":3}},"loc":{"start":{"line":2,"column":30},"end":{"line":4,"column":3}},"line":2},"1":{"name":"(anonymous_1)","decl":{"start":{"line":6,"column":2},"end":{"line":6,"column":3}},"loc":{"start":{"line":6,"column":42},"end":{"line":8,"column":3}},"line":6},"2":{"name":"(anonymous_2)","decl":{"start":{"line":9,"column":2},"end":{"line":9,"column":3}},"loc":{"start":{"line":9,"column":34},"end":{"line":11,"column":3}},"line":9},"3":{"name":"(anonymous_3)","decl":{"start":{"line":12,"column":2},"end":{"line":12,"column":3}},"loc":{"start":{"line":12,"column":28},"end":{"line":14,"column":3}},"line":12}},"branchMap":{},"s":{"0":1,"1":1,"2":0,"3":0,"4":5},"f":{"0":1,"1":1,"2":0,"3":0},"b":{},"_coverageSchema":"1a1c01bbd47fc00a2c39e90264f33305004495a9","hash":"31c628b2c5562f0767ed1005426ca1a687a03ac6"}
,"D:\\Dicoding\\Back-End\\backend-expert\\src\\Domains\\users\\entities\\RegisterUser.js": {"path":"D:\\Dicoding\\Back-End\\backend-expert\\src\\Domains\\users\\entities\\RegisterUser.js","statementMap":{"0":{"start":{"line":3,"column":4},"end":{"line":5,"column":5}},"1":{"start":{"line":4,"column":6},"end":{"line":4,"column":67}},"2":{"start":{"line":7,"column":4},"end":{"line":9,"column":5}},"3":{"start":{"line":8,"column":6},"end":{"line":8,"column":72}},"4":{"start":{"line":11,"column":4},"end":{"line":13,"column":5}},"5":{"start":{"line":12,"column":6},"end":{"line":12,"column":59}},"6":{"start":{"line":16,"column":4},"end":{"line":18,"column":5}},"7":{"start":{"line":17,"column":6},"end":{"line":17,"column":77}},"8":{"start":{"line":20,"column":4},"end":{"line":20,"column":29}},"9":{"start":{"line":21,"column":4},"end":{"line":21,"column":29}},"10":{"start":{"line":22,"column":4},"end":{"line":22,"column":29}},"11":{"start":{"line":26,"column":0},"end":{"line":26,"column":30}}},"fnMap":{"0":{"name":"(anonymous_0)","decl":{"start":{"line":2,"column":2},"end":{"line":2,"column":3}},"loc":{"start":{"line":2,"column":46},"end":{"line":23,"column":3}},"line":2}},"branchMap":{"0":{"loc":{"start":{"line":3,"column":4},"end":{"line":5,"column":5}},"type":"if","locations":[{"start":{"line":3,"column":4},"end":{"line":5,"column":5}},{"start":{},"end":{}}],"line":3},"1":{"loc":{"start":{"line":3,"column":8},"end":{"line":3,"column":43}},"type":"binary-expr","locations":[{"start":{"line":3,"column":8},"end":{"line":3,"column":17}},{"start":{"line":3,"column":21},"end":{"line":3,"column":30}},{"start":{"line":3,"column":34},"end":{"line":3,"column":43}}],"line":3},"2":{"loc":{"start":{"line":7,"column":4},"end":{"line":9,"column":5}},"type":"if","locations":[{"start":{"line":7,"column":4},"end":{"line":9,"column":5}},{"start":{},"end":{}}],"line":7},"3":{"loc":{"start":{"line":7,"column":8},"end":{"line":7,"column":100}},"type":"binary-expr","locations":[{"start":{"line":7,"column":8},"end":{"line":7,"column":36}},{"start":{"line":7,"column":40},"end":{"line":7,"column":68}},{"start":{"line":7,"column":72},"end":{"line":7,"column":100}}],"line":7},"4":{"loc":{"start":{"line":11,"column":4},"end":{"line":13,"column":5}},"type":"if","locations":[{"start":{"line":11,"column":4},"end":{"line":13,"column":5}},{"start":{},"end":{}}],"line":11},"5":{"loc":{"start":{"line":16,"column":4},"end":{"line":18,"column":5}},"type":"if","locations":[{"start":{"line":16,"column":4},"end":{"line":18,"column":5}},{"start":{},"end":{}}],"line":16}},"s":{"0":13,"1":2,"2":11,"3":1,"4":10,"5":1,"6":9,"7":2,"8":7,"9":7,"10":7,"11":4},"f":{"0":13},"b":{"0":[2,11],"1":[13,12,12],"2":[1,10],"3":[11,10,10],"4":[1,9],"5":[2,7]},"_coverageSchema":"1a1c01bbd47fc00a2c39e90264f33305004495a9","hash":"8c573a28ae39f0d53e64b4a7c1199190e8dda33d"}
,"D:\\Dicoding\\Back-End\\backend-expert\\src\\Domains\\users\\entities\\RegisteredUser.js": {"path":"D:\\Dicoding\\Back-End\\backend-expert\\src\\Domains\\users\\entities\\RegisteredUser.js","statementMap":{"0":{"start":{"line":3,"column":4},"end":{"line":3,"column":33}},"1":{"start":{"line":5,"column":37},"end":{"line":5,"column":44}},"2":{"start":{"line":7,"column":4},"end":{"line":7,"column":17}},"3":{"start":{"line":8,"column":4},"end":{"line":8,"column":29}},"4":{"start":{"line":9,"column":4},"end":{"line":9,"column":29}},"5":{"start":{"line":13,"column":4},"end":{"line":15,"column":5}},"6":{"start":{"line":14,"column":6},"end":{"line":14,"column":69}},"7":{"start":{"line":17,"column":4},"end":{"line":19,"column":5}},"8":{"start":{"line":18,"column":6},"end":{"line":18,"column":74}},"9":{"start":{"line":23,"column":0},"end":{"line":23,"column":32}}},"fnMap":{"0":{"name":"(anonymous_0)","decl":{"start":{"line":2,"column":2},"end":{"line":2,"column":3}},"loc":{"start":{"line":2,"column":23},"end":{"line":10,"column":3}},"line":2},"1":{"name":"(anonymous_1)","decl":{"start":{"line":12,"column":2},"end":{"line":12,"column":3}},"loc":{"start":{"line":12,"column":43},"end":{"line":20,"column":3}},"line":12}},"branchMap":{"0":{"loc":{"start":{"line":13,"column":4},"end":{"line":15,"column":5}},"type":"if","locations":[{"start":{"line":13,"column":4},"end":{"line":15,"column":5}},{"start":{},"end":{}}],"line":13},"1":{"loc":{"start":{"line":13,"column":8},"end":{"line":13,"column":37}},"type":"binary-expr","locations":[{"start":{"line":13,"column":8},"end":{"line":13,"column":11}},{"start":{"line":13,"column":15},"end":{"line":13,"column":24}},{"start":{"line":13,"column":28},"end":{"line":13,"column":37}}],"line":13},"2":{"loc":{"start":{"line":17,"column":4},"end":{"line":19,"column":5}},"type":"if","locations":[{"start":{"line":17,"column":4},"end":{"line":19,"column":5}},{"start":{},"end":{}}],"line":17},"3":{"loc":{"start":{"line":17,"column":8},"end":{"line":17,"column":94}},"type":"binary-expr","locations":[{"start":{"line":17,"column":8},"end":{"line":17,"column":30}},{"start":{"line":17,"column":34},"end":{"line":17,"column":62}},{"start":{"line":17,"column":66},"end":{"line":17,"column":94}}],"line":17}},"s":{"0":8,"1":6,"2":6,"3":6,"4":6,"5":8,"6":1,"7":7,"8":1,"9":4},"f":{"0":8,"1":8},"b":{"0":[1,7],"1":[8,7,7],"2":[1,6],"3":[7,6,6]},"_coverageSchema":"1a1c01bbd47fc00a2c39e90264f33305004495a9","hash":"bf5a922e0786938d307a380af2775857afe835cc"}
,"D:\\Dicoding\\Back-End\\backend-expert\\src\\Domains\\users\\entities\\UserLogin.js": {"path":"D:\\Dicoding\\Back-End\\backend-expert\\src\\Domains\\users\\entities\\UserLogin.js","statementMap":{"0":{"start":{"line":3,"column":4},"end":{"line":3,"column":33}},"1":{"start":{"line":5,"column":4},"end":{"line":5,"column":37}},"2":{"start":{"line":6,"column":4},"end":{"line":6,"column":37}},"3":{"start":{"line":10,"column":33},"end":{"line":10,"column":40}},"4":{"start":{"line":12,"column":4},"end":{"line":14,"column":5}},"5":{"start":{"line":13,"column":6},"end":{"line":13,"column":64}},"6":{"start":{"line":16,"column":4},"end":{"line":18,"column":5}},"7":{"start":{"line":17,"column":6},"end":{"line":17,"column":69}},"8":{"start":{"line":22,"column":0},"end":{"line":22,"column":27}}},"fnMap":{"0":{"name":"(anonymous_0)","decl":{"start":{"line":2,"column":2},"end":{"line":2,"column":3}},"loc":{"start":{"line":2,"column":23},"end":{"line":7,"column":3}},"line":2},"1":{"name":"(anonymous_1)","decl":{"start":{"line":9,"column":2},"end":{"line":9,"column":3}},"loc":{"start":{"line":9,"column":26},"end":{"line":19,"column":3}},"line":9}},"branchMap":{"0":{"loc":{"start":{"line":12,"column":4},"end":{"line":14,"column":5}},"type":"if","locations":[{"start":{"line":12,"column":4},"end":{"line":14,"column":5}},{"start":{},"end":{}}],"line":12},"1":{"loc":{"start":{"line":12,"column":8},"end":{"line":12,"column":30}},"type":"binary-expr","locations":[{"start":{"line":12,"column":8},"end":{"line":12,"column":17}},{"start":{"line":12,"column":21},"end":{"line":12,"column":30}}],"line":12},"2":{"loc":{"start":{"line":16,"column":4},"end":{"line":18,"column":5}},"type":"if","locations":[{"start":{"line":16,"column":4},"end":{"line":18,"column":5}},{"start":{},"end":{}}],"line":16},"3":{"loc":{"start":{"line":16,"column":8},"end":{"line":16,"column":68}},"type":"binary-expr","locations":[{"start":{"line":16,"column":8},"end":{"line":16,"column":36}},{"start":{"line":16,"column":40},"end":{"line":16,"column":68}}],"line":16}},"s":{"0":4,"1":2,"2":2,"3":4,"4":4,"5":1,"6":3,"7":1,"8":3},"f":{"0":4,"1":4},"b":{"0":[1,3],"1":[4,4],"2":[1,2],"3":[3,3]},"_coverageSchema":"1a1c01bbd47fc00a2c39e90264f33305004495a9","hash":"680715b89ce6564a371598c5e321b8d5dd9a2681"}
,"D:\\Dicoding\\Back-End\\backend-expert\\src\\Infrastructures\\database\\postgres\\pool.js": {"path":"D:\\Dicoding\\Back-End\\backend-expert\\src\\Infrastructures\\database\\postgres\\pool.js","statementMap":{"0":{"start":{"line":1,"column":15},"end":{"line":1,"column":28}},"1":{"start":{"line":3,"column":19},"end":{"line":9,"column":1}},"2":{"start":{"line":11,"column":13},"end":{"line":12,"column":53}},"3":{"start":{"line":14,"column":0},"end":{"line":14,"column":22}}},"fnMap":{},"branchMap":{"0":{"loc":{"start":{"line":11,"column":13},"end":{"line":12,"column":53}},"type":"cond-expr","locations":[{"start":{"line":12,"column":20},"end":{"line":12,"column":40}},{"start":{"line":12,"column":43},"end":{"line":12,"column":53}}],"line":11}},"s":{"0":5,"1":5,"2":5,"3":5},"f":{},"b":{"0":[5,0]},"_coverageSchema":"1a1c01bbd47fc00a2c39e90264f33305004495a9","hash":"69c72927ef387efe8899441ed4908fe6e6520fbe"}
,"D:\\Dicoding\\Back-End\\backend-expert\\src\\Infrastructures\\http\\createServer.js": {"path":"D:\\Dicoding\\Back-End\\backend-expert\\src\\Infrastructures\\http\\createServer.js","statementMap":{"0":{"start":{"line":1,"column":13},"end":{"line":1,"column":34}},"1":{"start":{"line":2,"column":12},"end":{"line":2,"column":32}},"2":{"start":{"line":3,"column":30},"end":{"line":3,"column":87}},"3":{"start":{"line":4,"column":20},"end":{"line":4,"column":67}},"4":{"start":{"line":5,"column":14},"end":{"line":5,"column":56}},"5":{"start":{"line":6,"column":24},"end":{"line":6,"column":76}},"6":{"start":{"line":7,"column":16},"end":{"line":7,"column":60}},"7":{"start":{"line":8,"column":17},"end":{"line":8,"column":62}},"8":{"start":{"line":9,"column":16},"end":{"line":9,"column":67}},"9":{"start":{"line":11,"column":21},"end":{"line":96,"column":1}},"10":{"start":{"line":12,"column":17},"end":{"line":15,"column":4}},"11":{"start":{"line":17,"column":2},"end":{"line":21,"column":5}},"12":{"start":{"line":23,"column":2},"end":{"line":37,"column":5}},"13":{"start":{"line":31,"column":30},"end":{"line":36,"column":5}},"14":{"start":{"line":40,"column":2},"end":{"line":61,"column":5}},"15":{"start":{"line":63,"column":2},"end":{"line":93,"column":5}},"16":{"start":{"line":64,"column":23},"end":{"line":64,"column":26}},"17":{"start":{"line":66,"column":4},"end":{"line":90,"column":5}},"18":{"start":{"line":67,"column":6},"end":{"line":67,"column":28}},"19":{"start":{"line":68,"column":30},"end":{"line":68,"column":71}},"20":{"start":{"line":70,"column":6},"end":{"line":77,"column":7}},"21":{"start":{"line":71,"column":28},"end":{"line":74,"column":10}},"22":{"start":{"line":75,"column":8},"end":{"line":75,"column":53}},"23":{"start":{"line":76,"column":8},"end":{"line":76,"column":27}},"24":{"start":{"line":79,"column":6},"end":{"line":81,"column":7}},"25":{"start":{"line":80,"column":8},"end":{"line":80,"column":26}},"26":{"start":{"line":83,"column":26},"end":{"line":87,"column":8}},"27":{"start":{"line":88,"column":6},"end":{"line":88,"column":28}},"28":{"start":{"line":89,"column":6},"end":{"line":89,"column":25}},"29":{"start":{"line":92,"column":4},"end":{"line":92,"column":22}},"30":{"start":{"line":95,"column":2},"end":{"line":95,"column":16}},"31":{"start":{"line":98,"column":0},"end":{"line":98,"column":30}}},"fnMap":{"0":{"name":"(anonymous_0)","decl":{"start":{"line":11,"column":21},"end":{"line":11,"column":22}},"loc":{"start":{"line":11,"column":42},"end":{"line":96,"column":1}},"line":11},"1":{"name":"(anonymous_1)","decl":{"start":{"line":31,"column":14},"end":{"line":31,"column":15}},"loc":{"start":{"line":31,"column":30},"end":{"line":36,"column":5}},"line":31},"2":{"name":"(anonymous_2)","decl":{"start":{"line":63,"column":30},"end":{"line":63,"column":31}},"loc":{"start":{"line":63,"column":42},"end":{"line":93,"column":3}},"line":63}},"branchMap":{"0":{"loc":{"start":{"line":66,"column":4},"end":{"line":90,"column":5}},"type":"if","locations":[{"start":{"line":66,"column":4},"end":{"line":90,"column":5}},{"start":{},"end":{}}],"line":66},"1":{"loc":{"start":{"line":70,"column":6},"end":{"line":77,"column":7}},"type":"if","locations":[{"start":{"line":70,"column":6},"end":{"line":77,"column":7}},{"start":{},"end":{}}],"line":70},"2":{"loc":{"start":{"line":79,"column":6},"end":{"line":81,"column":7}},"type":"if","locations":[{"start":{"line":79,"column":6},"end":{"line":81,"column":7}},{"start":{},"end":{}}],"line":79}},"s":{"0":1,"1":1,"2":1,"3":1,"4":1,"5":1,"6":1,"7":1,"8":1,"9":1,"10":6,"11":6,"12":6,"13":0,"14":6,"15":6,"16":6,"17":6,"18":5,"19":5,"20":5,"21":3,"22":3,"23":3,"24":2,"25":1,"26":1,"27":1,"28":1,"29":1,"30":6,"31":1},"f":{"0":6,"1":0,"2":6},"b":{"0":[5,1],"1":[3,2],"2":[1,1]},"_coverageSchema":"1a1c01bbd47fc00a2c39e90264f33305004495a9","hash":"2e5e219d80fc90ea202b3f567410688e12d27039"}
,"D:\\Dicoding\\Back-End\\backend-expert\\src\\Infrastructures\\repository\\AuthenticationRepositoryPostgres.js": {"path":"D:\\Dicoding\\Back-End\\backend-expert\\src\\Infrastructures\\repository\\AuthenticationRepositoryPostgres.js","statementMap":{"0":{"start":{"line":1,"column":23},"end":{"line":1,"column":73}},"1":{"start":{"line":2,"column":33},"end":{"line":2,"column":98}},"2":{"start":{"line":6,"column":4},"end":{"line":6,"column":12}},"3":{"start":{"line":7,"column":4},"end":{"line":7,"column":22}},"4":{"start":{"line":11,"column":18},"end":{"line":14,"column":5}},"5":{"start":{"line":16,"column":4},"end":{"line":16,"column":34}},"6":{"start":{"line":20,"column":18},"end":{"line":23,"column":5}},"7":{"start":{"line":25,"column":19},"end":{"line":25,"column":48}},"8":{"start":{"line":27,"column":4},"end":{"line":29,"column":5}},"9":{"start":{"line":28,"column":6},"end":{"line":28,"column":76}},"10":{"start":{"line":33,"column":18},"end":{"line":36,"column":5}},"11":{"start":{"line":38,"column":4},"end":{"line":38,"column":34}},"12":{"start":{"line":42,"column":0},"end":{"line":42,"column":50}}},"fnMap":{"0":{"name":"(anonymous_0)","decl":{"start":{"line":5,"column":2},"end":{"line":5,"column":3}},"loc":{"start":{"line":5,"column":20},"end":{"line":8,"column":3}},"line":5},"1":{"name":"(anonymous_1)","decl":{"start":{"line":10,"column":2},"end":{"line":10,"column":3}},"loc":{"start":{"line":10,"column":24},"end":{"line":17,"column":3}},"line":10},"2":{"name":"(anonymous_2)","decl":{"start":{"line":19,"column":2},"end":{"line":19,"column":3}},"loc":{"start":{"line":19,"column":38},"end":{"line":30,"column":3}},"line":19},"3":{"name":"(anonymous_3)","decl":{"start":{"line":32,"column":2},"end":{"line":32,"column":3}},"loc":{"start":{"line":32,"column":27},"end":{"line":39,"column":3}},"line":32}},"branchMap":{"0":{"loc":{"start":{"line":27,"column":4},"end":{"line":29,"column":5}},"type":"if","locations":[{"start":{"line":27,"column":4},"end":{"line":29,"column":5}},{"start":{},"end":{}}],"line":27}},"s":{"0":2,"1":2,"2":4,"3":4,"4":1,"5":1,"6":2,"7":2,"8":2,"9":1,"10":1,"11":1,"12":2},"f":{"0":4,"1":1,"2":2,"3":1},"b":{"0":[1,1]},"_coverageSchema":"1a1c01bbd47fc00a2c39e90264f33305004495a9","hash":"2c6c6163b6c08fe66b827bdaa1b3b69b35031e26"}
,"D:\\Dicoding\\Back-End\\backend-expert\\src\\Infrastructures\\repository\\CommentRepositoryPostgres.js": {"path":"D:\\Dicoding\\Back-End\\backend-expert\\src\\Infrastructures\\repository\\CommentRepositoryPostgres.js","statementMap":{"0":{"start":{"line":1,"column":26},"end":{"line":1,"column":77}},"1":{"start":{"line":2,"column":22},"end":{"line":2,"column":71}},"2":{"start":{"line":3,"column":27},"end":{"line":3,"column":81}},"3":{"start":{"line":8,"column":4},"end":{"line":8,"column":12}},"4":{"start":{"line":9,"column":4},"end":{"line":9,"column":22}},"5":{"start":{"line":10,"column":4},"end":{"line":10,"column":36}},"6":{"start":{"line":14,"column":18},"end":{"line":17,"column":5}},"7":{"start":{"line":18,"column":19},"end":{"line":18,"column":48}},"8":{"start":{"line":20,"column":4},"end":{"line":22,"column":5}},"9":{"start":{"line":21,"column":6},"end":{"line":21,"column":57}},"10":{"start":{"line":26,"column":31},"end":{"line":26,"column":34}},"11":{"start":{"line":27,"column":18},"end":{"line":30,"column":5}},"12":{"start":{"line":32,"column":19},"end":{"line":32,"column":48}},"13":{"start":{"line":33,"column":4},"end":{"line":35,"column":5}},"14":{"start":{"line":34,"column":6},"end":{"line":34,"column":70}},"15":{"start":{"line":36,"column":4},"end":{"line":36,"column":31}},"16":{"start":{"line":40,"column":39},"end":{"line":40,"column":54}},"17":{"start":{"line":41,"column":15},"end":{"line":41,"column":47}},"18":{"start":{"line":42,"column":18},"end":{"line":45,"column":5}},"19":{"start":{"line":46,"column":19},"end":{"line":46,"column":48}},"20":{"start":{"line":47,"column":4},"end":{"line":47,"column":31}},"21":{"start":{"line":51,"column":18},"end":{"line":57,"column":5}},"22":{"start":{"line":58,"column":32},"end":{"line":58,"column":61}},"23":{"start":{"line":59,"column":4},"end":{"line":59,"column":36}},"24":{"start":{"line":62,"column":0},"end":{"line":62,"column":43}}},"fnMap":{"0":{"name":"(anonymous_0)","decl":{"start":{"line":7,"column":2},"end":{"line":7,"column":3}},"loc":{"start":{"line":7,"column":33},"end":{"line":11,"column":3}},"line":7},"1":{"name":"(anonymous_1)","decl":{"start":{"line":13,"column":2},"end":{"line":13,"column":3}},"loc":{"start":{"line":13,"column":43},"end":{"line":23,"column":3}},"line":13},"2":{"name":"(anonymous_2)","decl":{"start":{"line":25,"column":2},"end":{"line":25,"column":3}},"loc":{"start":{"line":25,"column":27},"end":{"line":37,"column":3}},"line":25},"3":{"name":"(anonymous_3)","decl":{"start":{"line":39,"column":2},"end":{"line":39,"column":3}},"loc":{"start":{"line":39,"column":36},"end":{"line":48,"column":3}},"line":39},"4":{"name":"(anonymous_4)","decl":{"start":{"line":50,"column":2},"end":{"line":50,"column":3}},"loc":{"start":{"line":50,"column":40},"end":{"line":60,"column":3}},"line":50}},"branchMap":{"0":{"loc":{"start":{"line":20,"column":4},"end":{"line":22,"column":5}},"type":"if","locations":[{"start":{"line":20,"column":4},"end":{"line":22,"column":5}},{"start":{},"end":{}}],"line":20},"1":{"loc":{"start":{"line":33,"column":4},"end":{"line":35,"column":5}},"type":"if","locations":[{"start":{"line":33,"column":4},"end":{"line":35,"column":5}},{"start":{},"end":{}}],"line":33}},"s":{"0":1,"1":1,"2":1,"3":0,"4":0,"5":0,"6":0,"7":0,"8":0,"9":0,"10":0,"11":0,"12":0,"13":0,"14":0,"15":0,"16":0,"17":0,"18":0,"19":0,"20":0,"21":0,"22":0,"23":0,"24":1},"f":{"0":0,"1":0,"2":0,"3":0,"4":0},"b":{"0":[0,0],"1":[0,0]},"_coverageSchema":"1a1c01bbd47fc00a2c39e90264f33305004495a9","hash":"4788985afec9051bb56b9e88d542de77fba28b84"}
,"D:\\Dicoding\\Back-End\\backend-expert\\src\\Infrastructures\\repository\\ReplyRepositoryPostgres.js": {"path":"D:\\Dicoding\\Back-End\\backend-expert\\src\\Infrastructures\\repository\\ReplyRepositoryPostgres.js","statementMap":{"0":{"start":{"line":1,"column":31},"end":{"line":1,"column":93}},"1":{"start":{"line":2,"column":22},"end":{"line":2,"column":71}},"2":{"start":{"line":3,"column":27},"end":{"line":3,"column":81}},"3":{"start":{"line":7,"column":4},"end":{"line":7,"column":12}},"4":{"start":{"line":8,"column":4},"end":{"line":8,"column":22}},"5":{"start":{"line":9,"column":4},"end":{"line":9,"column":36}},"6":{"start":{"line":13,"column":18},"end":{"line":21,"column":5}},"7":{"start":{"line":23,"column":19},"end":{"line":23,"column":48}},"8":{"start":{"line":24,"column":4},"end":{"line":26,"column":5}},"9":{"start":{"line":25,"column":6},"end":{"line":25,"column":68}},"10":{"start":{"line":30,"column":40},"end":{"line":30,"column":48}},"11":{"start":{"line":31,"column":15},"end":{"line":31,"column":45}},"12":{"start":{"line":32,"column":18},"end":{"line":35,"column":5}},"13":{"start":{"line":37,"column":19},"end":{"line":37,"column":48}},"14":{"start":{"line":38,"column":4},"end":{"line":38,"column":31}},"15":{"start":{"line":42,"column":18},"end":{"line":45,"column":5}},"16":{"start":{"line":46,"column":19},"end":{"line":46,"column":48}},"17":{"start":{"line":47,"column":4},"end":{"line":49,"column":5}},"18":{"start":{"line":48,"column":6},"end":{"line":48,"column":56}},"19":{"start":{"line":53,"column":18},"end":{"line":56,"column":5}},"20":{"start":{"line":57,"column":19},"end":{"line":57,"column":48}},"21":{"start":{"line":58,"column":4},"end":{"line":60,"column":5}},"22":{"start":{"line":59,"column":6},"end":{"line":59,"column":68}},"23":{"start":{"line":61,"column":4},"end":{"line":61,"column":31}},"24":{"start":{"line":65,"column":18},"end":{"line":71,"column":5}},"25":{"start":{"line":73,"column":20},"end":{"line":73,"column":49}},"26":{"start":{"line":74,"column":4},"end":{"line":74,"column":24}},"27":{"start":{"line":78,"column":0},"end":{"line":78,"column":41}}},"fnMap":{"0":{"name":"(anonymous_0)","decl":{"start":{"line":6,"column":2},"end":{"line":6,"column":3}},"loc":{"start":{"line":6,"column":33},"end":{"line":10,"column":3}},"line":6},"1":{"name":"(anonymous_1)","decl":{"start":{"line":12,"column":2},"end":{"line":12,"column":3}},"loc":{"start":{"line":12,"column":65},"end":{"line":27,"column":3}},"line":12},"2":{"name":"(anonymous_2)","decl":{"start":{"line":29,"column":2},"end":{"line":29,"column":3}},"loc":{"start":{"line":29,"column":34},"end":{"line":39,"column":3}},"line":29},"3":{"name":"(anonymous_3)","decl":{"start":{"line":41,"column":2},"end":{"line":41,"column":3}},"loc":{"start":{"line":41,"column":39},"end":{"line":50,"column":3}},"line":41},"4":{"name":"(anonymous_4)","decl":{"start":{"line":52,"column":2},"end":{"line":52,"column":3}},"loc":{"start":{"line":52,"column":45},"end":{"line":62,"column":3}},"line":52},"5":{"name":"(anonymous_5)","decl":{"start":{"line":64,"column":2},"end":{"line":64,"column":3}},"loc":{"start":{"line":64,"column":39},"end":{"line":75,"column":3}},"line":64}},"branchMap":{"0":{"loc":{"start":{"line":24,"column":4},"end":{"line":26,"column":5}},"type":"if","locations":[{"start":{"line":24,"column":4},"end":{"line":26,"column":5}},{"start":{},"end":{}}],"line":24},"1":{"loc":{"start":{"line":47,"column":4},"end":{"line":49,"column":5}},"type":"if","locations":[{"start":{"line":47,"column":4},"end":{"line":49,"column":5}},{"start":{},"end":{}}],"line":47},"2":{"loc":{"start":{"line":58,"column":4},"end":{"line":60,"column":5}},"type":"if","locations":[{"start":{"line":58,"column":4},"end":{"line":60,"column":5}},{"start":{},"end":{}}],"line":58}},"s":{"0":2,"1":2,"2":2,"3":1,"4":1,"5":1,"6":0,"7":0,"8":0,"9":0,"10":0,"11":0,"12":0,"13":0,"14":0,"15":1,"16":1,"17":1,"18":1,"19":0,"20":0,"21":0,"22":0,"23":0,"24":0,"25":0,"26":0,"27":2},"f":{"0":1,"1":0,"2":0,"3":1,"4":0,"5":0},"b":{"0":[0,0],"1":[1,0],"2":[0,0]},"_coverageSchema":"1a1c01bbd47fc00a2c39e90264f33305004495a9","hash":"abe7bf86bbd0d8bc8a3de45345808b9cb6d2564b"}
,"D:\\Dicoding\\Back-End\\backend-expert\\src\\Infrastructures\\repository\\ThreadRepositoryPostgres.js": {"path":"D:\\Dicoding\\Back-End\\backend-expert\\src\\Infrastructures\\repository\\ThreadRepositoryPostgres.js","statementMap":{"0":{"start":{"line":1,"column":25},"end":{"line":1,"column":74}},"1":{"start":{"line":2,"column":20},"end":{"line":2,"column":73}},"2":{"start":{"line":3,"column":22},"end":{"line":3,"column":71}},"3":{"start":{"line":7,"column":4},"end":{"line":7,"column":12}},"4":{"start":{"line":8,"column":4},"end":{"line":8,"column":22}},"5":{"start":{"line":9,"column":4},"end":{"line":9,"column":36}},"6":{"start":{"line":13,"column":18},"end":{"line":16,"column":5}},"7":{"start":{"line":17,"column":19},"end":{"line":17,"column":48}},"8":{"start":{"line":18,"column":4},"end":{"line":20,"column":5}},"9":{"start":{"line":19,"column":6},"end":{"line":19,"column":56}},"10":{"start":{"line":24,"column":33},"end":{"line":24,"column":47}},"11":{"start":{"line":25,"column":15},"end":{"line":25,"column":46}},"12":{"start":{"line":26,"column":18},"end":{"line":29,"column":5}},"13":{"start":{"line":30,"column":19},"end":{"line":30,"column":48}},"14":{"start":{"line":31,"column":4},"end":{"line":31,"column":48}},"15":{"start":{"line":35,"column":18},"end":{"line":40,"column":5}},"16":{"start":{"line":41,"column":25},"end":{"line":41,"column":54}},"17":{"start":{"line":42,"column":4},"end":{"line":44,"column":5}},"18":{"start":{"line":43,"column":6},"end":{"line":43,"column":57}},"19":{"start":{"line":45,"column":4},"end":{"line":45,"column":37}},"20":{"start":{"line":49,"column":0},"end":{"line":49,"column":42}}},"fnMap":{"0":{"name":"(anonymous_0)","decl":{"start":{"line":6,"column":2},"end":{"line":6,"column":3}},"loc":{"start":{"line":6,"column":33},"end":{"line":10,"column":3}},"line":6},"1":{"name":"(anonymous_1)","decl":{"start":{"line":12,"column":2},"end":{"line":12,"column":3}},"loc":{"start":{"line":12,"column":40},"end":{"line":21,"column":3}},"line":12},"2":{"name":"(anonymous_2)","decl":{"start":{"line":23,"column":2},"end":{"line":23,"column":3}},"loc":{"start":{"line":23,"column":34},"end":{"line":32,"column":3}},"line":23},"3":{"name":"(anonymous_3)","decl":{"start":{"line":34,"column":2},"end":{"line":34,"column":3}},"loc":{"start":{"line":34,"column":38},"end":{"line":46,"column":3}},"line":34}},"branchMap":{"0":{"loc":{"start":{"line":18,"column":4},"end":{"line":20,"column":5}},"type":"if","locations":[{"start":{"line":18,"column":4},"end":{"line":20,"column":5}},{"start":{},"end":{}}],"line":18},"1":{"loc":{"start":{"line":42,"column":4},"end":{"line":44,"column":5}},"type":"if","locations":[{"start":{"line":42,"column":4},"end":{"line":44,"column":5}},{"start":{},"end":{}}],"line":42}},"s":{"0":2,"1":2,"2":2,"3":3,"4":3,"5":3,"6":1,"7":1,"8":1,"9":1,"10":2,"11":2,"12":2,"13":2,"14":0,"15":0,"16":0,"17":0,"18":0,"19":0,"20":2},"f":{"0":3,"1":1,"2":2,"3":0},"b":{"0":[1,0],"1":[0,0]},"_coverageSchema":"1a1c01bbd47fc00a2c39e90264f33305004495a9","hash":"6259334c865dc3061a74fae3d950deceffe9e812"}
,"D:\\Dicoding\\Back-End\\backend-expert\\src\\Infrastructures\\repository\\UserRepositoryPostgres.js": {"path":"D:\\Dicoding\\Back-End\\backend-expert\\src\\Infrastructures\\repository\\UserRepositoryPostgres.js","statementMap":{"0":{"start":{"line":1,"column":23},"end":{"line":1,"column":73}},"1":{"start":{"line":2,"column":22},"end":{"line":2,"column":71}},"2":{"start":{"line":3,"column":23},"end":{"line":3,"column":77}},"3":{"start":{"line":4,"column":23},"end":{"line":4,"column":68}},"4":{"start":{"line":8,"column":4},"end":{"line":8,"column":12}},"5":{"start":{"line":9,"column":4},"end":{"line":9,"column":22}},"6":{"start":{"line":10,"column":4},"end":{"line":10,"column":36}},"7":{"start":{"line":14,"column":18},"end":{"line":17,"column":5}},"8":{"start":{"line":19,"column":19},"end":{"line":19,"column":48}},"9":{"start":{"line":21,"column":4},"end":{"line":23,"column":5}},"10":{"start":{"line":22,"column":6},"end":{"line":22,"column":58}},"11":{"start":{"line":27,"column":18},"end":{"line":30,"column":5}},"12":{"start":{"line":32,"column":19},"end":{"line":32,"column":48}},"13":{"start":{"line":34,"column":4},"end":{"line":36,"column":5}},"14":{"start":{"line":35,"column":6},"end":{"line":35,"column":59}},"15":{"start":{"line":37,"column":4},"end":{"line":37,"column":35}},"16":{"start":{"line":40,"column":18},"end":{"line":43,"column":5}},"17":{"start":{"line":44,"column":19},"end":{"line":44,"column":48}},"18":{"start":{"line":46,"column":4},"end":{"line":48,"column":5}},"19":{"start":{"line":47,"column":6},"end":{"line":47,"column":54}},"20":{"start":{"line":49,"column":4},"end":{"line":49,"column":29}},"21":{"start":{"line":53,"column":43},"end":{"line":53,"column":55}},"22":{"start":{"line":54,"column":15},"end":{"line":54,"column":44}},"23":{"start":{"line":56,"column":18},"end":{"line":59,"column":5}},"24":{"start":{"line":61,"column":19},"end":{"line":61,"column":48}},"25":{"start":{"line":63,"column":4},"end":{"line":63,"column":51}},"26":{"start":{"line":67,"column":0},"end":{"line":67,"column":40}}},"fnMap":{"0":{"name":"(anonymous_0)","decl":{"start":{"line":7,"column":2},"end":{"line":7,"column":3}},"loc":{"start":{"line":7,"column":33},"end":{"line":11,"column":3}},"line":7},"1":{"name":"(anonymous_1)","decl":{"start":{"line":13,"column":2},"end":{"line":13,"column":3}},"loc":{"start":{"line":13,"column":42},"end":{"line":24,"column":3}},"line":13},"2":{"name":"(anonymous_2)","decl":{"start":{"line":26,"column":2},"end":{"line":26,"column":3}},"loc":{"start":{"line":26,"column":40},"end":{"line":38,"column":3}},"line":26},"3":{"name":"(anonymous_3)","decl":{"start":{"line":39,"column":2},"end":{"line":39,"column":3}},"loc":{"start":{"line":39,"column":34},"end":{"line":50,"column":3}},"line":39},"4":{"name":"(anonymous_4)","decl":{"start":{"line":52,"column":2},"end":{"line":52,"column":3}},"loc":{"start":{"line":52,"column":30},"end":{"line":64,"column":3}},"line":52}},"branchMap":{"0":{"loc":{"start":{"line":21,"column":4},"end":{"line":23,"column":5}},"type":"if","locations":[{"start":{"line":21,"column":4},"end":{"line":23,"column":5}},{"start":{},"end":{}}],"line":21},"1":{"loc":{"start":{"line":34,"column":4},"end":{"line":36,"column":5}},"type":"if","locations":[{"start":{"line":34,"column":4},"end":{"line":36,"column":5}},{"start":{},"end":{}}],"line":34},"2":{"loc":{"start":{"line":46,"column":4},"end":{"line":48,"column":5}},"type":"if","locations":[{
[...]
,"D:\\Dicoding\\Back-End\\backend-expert\\src\\Interfaces\\http\\api\\authentications\\index.js": {"path":"D:\\Dicoding\\Back-End\\backend-expert\\src\\Interfaces\\http\\api\\authentications\\index.js","statementMap":{"0":{"start":{"line":1,"column":15},"end":{"line":1,"column":34}},"1":{"start":{"line":2,"column":31},"end":{"line":2,"column":51}},"2":{"start":{"line":4,"column":0},"end":{"line":10,"column":2}},"3":{"start":{"line":7,"column":35},"end":{"line":7,"column":72}},"4":{"start":{"line":8,"column":4},"end":{"line":8,"column":49}}},"fnMap":{"0":{"name":"(anonymous_0)","decl":{"start":{"line":6,"column":12},"end":{"line":6,"column":13}},"loc":{"start":{"line":6,"column":43},"end":{"line":9,"column":3}},"line":6}},"branchMap":{},"s":{"0":1,"1":1,"2":1,"3":6,"4":6},"f":{"0":6},"b":{},"_coverageSchema":"1a1c01bbd47fc00a2c39e90264f33305004495a9","hash":"e33ca34e38f480b16c701388c6c5a3c4e16972c7"}
,"D:\\Dicoding\\Back-End\\backend-expert\\src\\Interfaces\\http\\api\\authentications\\routes.js": {"path":"D:\\Dicoding\\Back-End\\backend-expert\\src\\Interfaces\\http\\api\\authentications\\routes.js","statementMap":{"0":{"start":{"line":1,"column":15},"end":{"line":17,"column":2}},"1":{"start":{"line":1,"column":29},"end":{"line":17,"column":1}},"2":{"start":{"line":19,"column":0},"end":{"line":19,"column":24}}},"fnMap":{"0":{"name":"(anonymous_0)","decl":{"start":{"line":1,"column":15},"end":{"line":1,"column":16}},"loc":{"start":{"line":1,"column":29},"end":{"line":17,"column":1}},"line":1}},"branchMap":{},"s":{"0":1,"1":6,"2":1},"f":{"0":6},"b":{},"_coverageSchema":"1a1c01bbd47fc00a2c39e90264f33305004495a9","hash":"1cb5af135be3f31ea182089302247dc1704d96c3"}
,"D:\\Dicoding\\Back-End\\backend-expert\\src\\Interfaces\\http\\api\\comments\\handler.js": {"path":"D:\\Dicoding\\Back-End\\backend-expert\\src\\Interfaces\\http\\api\\comments\\handler.js","statementMap":{"0":{"start":{"line":1,"column":26},"end":{"line":1,"column":88}},"1":{"start":{"line":2,"column":29},"end":{"line":2,"column":94}},"2":{"start":{"line":7,"column":4},"end":{"line":7,"column":32}},"3":{"start":{"line":8,"column":4},"end":{"line":8,"column":57}},"4":{"start":{"line":9,"column":4},"end":{"line":9,"column":67}},"5":{"start":{"line":13,"column":30},"end":{"line":13,"column":81}},"6":{"start":{"line":14,"column":24},"end":{"line":14,"column":44}},"7":{"start":{"line":15,"column":20},"end":{"line":19,"column":5}},"8":{"start":{"line":20,"column":25},"end":{"line":20,"column":65}},"9":{"start":{"line":22,"column":4},"end":{"line":27,"column":17}},"10":{"start":{"line":31,"column":33},"end":{"line":31,"column":87}},"11":{"start":{"line":32,"column":24},"end":{"line":32,"column":44}},"12":{"start":{"line":33,"column":34},"end":{"line":33,"column":44}},"13":{"start":{"line":34,"column":27},"end":{"line":38,"column":5}},"14":{"start":{"line":39,"column":4},"end":{"line":39,"column":55}},"15":{"start":{"line":41,"column":4},"end":{"line":43,"column":6}},"16":{"start":{"line":47,"column":0},"end":{"line":47,"column":32}}},"fnMap":{"0":{"name":"(anonymous_0)","decl":{"start":{"line":6,"column":2},"end":{"line":6,"column":3}},"loc":{"start":{"line":6,"column":25},"end":{"line":10,"column":3}},"line":6},"1":{"name":"(anonymous_1)","decl":{"start":{"line":12,"column":2},"end":{"line":12,"column":3}},"loc":{"start":{"line":12,"column":31},"end":{"line":28,"column":3}},"line":12},"2":{"name":"(anonymous_2)","decl":{"start":{"line":30,"column":2},"end":{"line":30,"column":3}},"loc":{"start":{"line":30,"column":36},"end":{"line":44,"column":3}},"line":30}},"branchMap":{},"s":{"0":1,"1":1,"2":6,"3":6,"4":6,"5":0,"6":0,"7":0,"8":0,"9":0,"10":0,"11":0,"12":0,"13":0,"14":0,"15":0,"16":1},"f":{"0":6,"1":0,"2":0},"b":{},"_coverageSchema":"1a1c01bbd47fc00a2c39e90264f33305004495a9","hash":"79fcd01aa804d2fa42b95317c086b05c50155d2d"}
,"D:\\Dicoding\\Back-End\\backend-expert\\src\\Interfaces\\http\\api\\comments\\index.js": {"path":"D:\\Dicoding\\Back-End\\backend-expert\\src\\Interfaces\\http\\api\\comments\\index.js","statementMap":{"0":{"start":{"line":1,"column":23},"end":{"line":1,"column":43}},"1":{"start":{"line":2,"column":15},"end":{"line":2,"column":34}},"2":{"start":{"line":4,"column":0},"end":{"line":10,"column":2}},"3":{"start":{"line":7,"column":27},"end":{"line":7,"column":56}},"4":{"start":{"line":8,"column":4},"end":{"line":8,"column":41}}},"fnMap":{"0":{"name":"(anonymous_0)","decl":{"start":{"line":6,"column":12},"end":{"line":6,"column":13}},"loc":{"start":{"line":6,"column":43},"end":{"line":9,"column":3}},"line":6}},"branchMap":{},"s":{"0":1,"1":1,"2":1,"3":6,"4":6},"f":{"0":6},"b":{},"_coverageSchema":"1a1c01bbd47fc00a2c39e90264f33305004495a9","hash":"754421cca3ea04d86318255bc5a995ba9a942ba7"}
,"D:\\Dicoding\\Back-End\\backend-expert\\src\\Interfaces\\http\\api\\comments\\routes.js": {"path":"D:\\Dicoding\\Back-End\\backend-expert\\src\\Interfaces\\http\\api\\comments\\routes.js","statementMap":{"0":{"start":{"line":2,"column":15},"end":{"line":19,"column":2}},"1":{"start":{"line":2,"column":29},"end":{"line":19,"column":1}},"2":{"start":{"line":21,"column":0},"end":{"line":21,"column":24}}},"fnMap":{"0":{"name":"(anonymous_0)","decl":{"start":{"line":2,"column":15},"end":{"line":2,"column":16}},"loc":{"start":{"line":2,"column":29},"end":{"line":19,"column":1}},"line":2}},"branchMap":{},"s":{"0":1,"1":6,"2":1},"f":{"0":6},"b":{},"_coverageSchema":"1a1c01bbd47fc00a2c39e90264f33305004495a9","hash":"2ded7765cb2089d8dd64f9d9597b98041e954270"}
,"D:\\Dicoding\\Back-End\\backend-expert\\src\\Interfaces\\http\\api\\reply_comments\\handler.js": {"path":"D:\\Dicoding\\Back-End\\backend-expert\\src\\Interfaces\\http\\api\\reply_comments\\handler.js","statementMap":{"0":{"start":{"line":1,"column":31},"end":{"line":1,"column":98}},"1":{"start":{"line":2,"column":34},"end":{"line":2,"column":104}},"2":{"start":{"line":6,"column":4},"end":{"line":6,"column":32}},"3":{"start":{"line":8,"column":4},"end":{"line":8,"column":69}},"4":{"start":{"line":9,"column":4},"end":{"line":9,"column":75}},"5":{"start":{"line":13,"column":35},"end":{"line":13,"column":91}},"6":{"start":{"line":14,"column":34},"end":{"line":14,"column":44}},"7":{"start":{"line":15,"column":24},"end":{"line":15,"column":44}},"8":{"start":{"line":16,"column":22},"end":{"line":16,"column":33}},"9":{"start":{"line":17,"column":27},"end":{"line":20,"column":5}},"10":{"start":{"line":21,"column":23},"end":{"line":21,"column":75}},"11":{"start":{"line":23,"column":4},"end":{"line":26,"column":17}},"12":{"start":{"line":30,"column":38},"end":{"line":30,"column":97}},"13":{"start":{"line":31,"column":23},"end":{"line":31,"column":43}},"14":{"start":{"line":32,"column":4},"end":{"line":32,"column":29}},"15":{"start":{"line":33,"column":4},"end":{"line":33,"column":56}},"16":{"start":{"line":34,"column":4},"end":{"line":36,"column":17}},"17":{"start":{"line":39,"column":0},"end":{"line":39,"column":37}}},"fnMap":{"0":{"name":"(anonymous_0)","decl":{"start":{"line":5,"column":2},"end":{"line":5,"column":3}},"loc":{"start":{"line":5,"column":25},"end":{"line":10,"column":3}},"line":5},"1":{"name":"(anonymous_1)","decl":{"start":{"line":12,"column":2},"end":{"line":12,"column":3}},"loc":{"start":{"line":12,"column":37},"end":{"line":27,"column":3}},"line":12},"2":{"name":"(anonymous_2)","decl":{"start":{"line":29,"column":2},"end":{"line":29,"column":3}},"loc":{"start":{"line":29,"column":40},"end":{"line":37,"column":3}},"line":29}},"branchMap":{},"s":{"0":1,"1":1,"2":6,"3":6,"4":6,"5":0,"6":0,"7":0,"8":0,"9":0,"10":0,"11":0,"12":0,"13":0,"14":0,"15":0,"16":0,"17":1},"f":{"0":6,"1":0,"2":0},"b":{},"_coverageSchema":"1a1c01bbd47fc00a2c39e90264f33305004495a9","hash":"12c39dd47da9db376068b6fe5c47377e23eec069"}
,"D:\\Dicoding\\Back-End\\backend-expert\\src\\Interfaces\\http\\api\\reply_comments\\index.js": {"path":"D:\\Dicoding\\Back-End\\backend-expert\\src\\Interfaces\\http\\api\\reply_comments\\index.js","statementMap":{"0":{"start":{"line":1,"column":28},"end":{"line":1,"column":48}},"1":{"start":{"line":2,"column":15},"end":{"line":2,"column":34}},"2":{"start":{"line":4,"column":0},"end":{"line":10,"column":2}},"3":{"start":{"line":7,"column":32},"end":{"line":7,"column":66}},"4":{"start":{"line":8,"column":4},"end":{"line":8,"column":46}}},"fnMap":{"0":{"name":"(anonymous_0)","decl":{"start":{"line":6,"column":12},"end":{"line":6,"column":13}},"loc":{"start":{"line":6,"column":37},"end":{"line":9,"column":3}},"line":6}},"branchMap":{},"s":{"0":1,"1":1,"2":1,"3":6,"4":6},"f":{"0":6},"b":{},"_coverageSchema":"1a1c01bbd47fc00a2c39e90264f33305004495a9","hash":"217da09d4bb1e25dae6f92767e19c0acc5a03e03"}
,"D:\\Dicoding\\Back-End\\backend-expert\\src\\Interfaces\\http\\api\\reply_comments\\routes.js": {"path":"D:\\Dicoding\\Back-End\\backend-expert\\src\\Interfaces\\http\\api\\reply_comments\\routes.js","statementMap":{"0":{"start":{"line":2,"column":15},"end":{"line":19,"column":2}},"1":{"start":{"line":2,"column":29},"end":{"line":19,"column":1}},"2":{"start":{"line":21,"column":0},"end":{"line":21,"column":24}}},"fnMap":{"0":{"name":"(anonymous_0)","decl":{"start":{"line":2,"column":15},"end":{"line":2,"column":16}},"loc":{"start":{"line":2,"column":29},"end":{"line":19,"column":1}},"line":2}},"branchMap":{},"s":{"0":1,"1":6,"2":1},"f":{"0":6},"b":{},"_coverageSchema":"1a1c01bbd47fc00a2c39e90264f33305004495a9","hash":"a797541387b8d991f08a8ecc38fac76f456b6f37"}
,"D:\\Dicoding\\Back-End\\backend-expert\\src\\Interfaces\\http\\api\\threads\\handler.js": {"path":"D:\\Dicoding\\Back-End\\backend-expert\\src\\Interfaces\\http\\api\\threads\\handler.js","statementMap":{"0":{"start":{"line":1,"column":25},"end":{"line":1,"column":86}},"1":{"start":{"line":2,"column":28},"end":{"line":2,"column":92}},"2":{"start":{"line":6,"column":4},"end":{"line":6,"column":32}},"3":{"start":{"line":7,"column":4},"end":{"line":7,"column":63}},"4":{"start":{"line":8,"column":4},"end":{"line":8,"column":49}},"5":{"start":{"line":12,"column":24},"end":{"line":12,"column":48}},"6":{"start":{"line":13,"column":29},"end":{"line":13,"column":79}},"7":{"start":{"line":14,"column":4},"end":{"line":14,"column":34}},"8":{"start":{"line":15,"column":24},"end":{"line":15,"column":71}},"9":{"start":{"line":16,"column":21},"end":{"line":19,"column":6}},"10":{"start":{"line":20,"column":4},"end":{"line":20,"column":23}},"11":{"start":{"line":21,"column":4},"end":{"line":21,"column":20}},"12":{"start":{"line":25,"column":32},"end":{"line":25,"column":85}},"13":{"start":{"line":26,"column":25},"end":{"line":26,"column":79}},"14":{"start":{"line":27,"column":4},"end":{"line":34,"column":5}},"15":{"start":{"line":28,"column":6},"end":{"line":33,"column":19}},"16":{"start":{"line":38,"column":0},"end":{"line":38,"column":32}}},"fnMap":{"0":{"name":"(anonymous_0)","decl":{"start":{"line":5,"column":2},"end":{"line":5,"column":3}},"loc":{"start":{"line":5,"column":25},"end":{"line":9,"column":3}},"line":5},"1":{"name":"(anonymous_1)","decl":{"start":{"line":11,"column":2},"end":{"line":11,"column":3}},"loc":{"start":{"line":11,"column":38},"end":{"line":22,"column":3}},"line":11},"2":{"name":"(anonymous_2)","decl":{"start":{"line":24,"column":2},"end":{"line":24,"column":3}},"loc":{"start":{"line":24,"column":27},"end":{"line":35,"column":3}},"line":24}},"branchMap":{"0":{"loc":{"start":{"line":27,"column":4},"end":{"line":34,"column":5}},"type":"if","locations":[{"start":{"line":27,"column":4},"end":{"line":34,"column":5}},{"start":{},"end":{}}],"line":27}},"s":{"0":1,"1":1,"2":6,"3":6,"4":6,"5":0,"6":0,"7":0,"8":0,"9":0,"10":0,"11":0,"12":0,"13":0,"14":0,"15":0,"16":1},"f":{"0":6,"1":0,"2":0},"b":{"0":[0,0]},"_coverageSchema":"1a1c01bbd47fc00a2c39e90264f33305004495a9","hash":"45c69da6b01860f9fea9eecd4890642ba2cc5f66"}
,"D:\\Dicoding\\Back-End\\backend-expert\\src\\Interfaces\\http\\api\\threads\\index.js": {"path":"D:\\Dicoding\\Back-End\\backend-expert\\src\\Interfaces\\http\\api\\threads\\index.js","statementMap":{"0":{"start":{"line":1,"column":23},"end":{"line":1,"column":43}},"1":{"start":{"line":2,"column":15},"end":{"line":2,"column":34}},"2":{"start":{"line":4,"column":0},"end":{"line":10,"column":2}},"3":{"start":{"line":7,"column":27},"end":{"line":7,"column":56}},"4":{"start":{"line":8,"column":4},"end":{"line":8,"column":41}}},"fnMap":{"0":{"name":"(anonymous_0)","decl":{"start":{"line":6,"column":12},"end":{"line":6,"column":13}},"loc":{"start":{"line":6,"column":43},"end":{"line":9,"column":3}},"line":6}},"branchMap":{},"s":{"0":1,"1":1,"2":1,"3":6,"4":6},"f":{"0":6},"b":{},"_coverageSchema":"1a1c01bbd47fc00a2c39e90264f33305004495a9","hash":"283a8a51b699e7cd3b48740e89f4c48c8daf2122"}
,"D:\\Dicoding\\Back-End\\backend-expert\\src\\Interfaces\\http\\api\\threads\\routes.js": {"path":"D:\\Dicoding\\Back-End\\backend-expert\\src\\Interfaces\\http\\api\\threads\\routes.js","statementMap":{"0":{"start":{"line":1,"column":15},"end":{"line":15,"column":2}},"1":{"start":{"line":1,"column":29},"end":{"line":15,"column":1}},"2":{"start":{"line":17,"column":0},"end":{"line":17,"column":24}}},"fnMap":{"0":{"name":"(anonymous_0)","decl":{"start":{"line":1,"column":15},"end":{"line":1,"column":16}},"loc":{"start":{"line":1,"column":29},"end":{"line":15,"column":1}},"line":1}},"branchMap":{},"s":{"0":1,"1":6,"2":1},"f":{"0":6},"b":{},"_coverageSchema":"1a1c01bbd47fc00a2c39e90264f33305004495a9","hash":"d736c4fea907f730e25a2cb340d1a3ed1ca98d4f"}
,"D:\\Dicoding\\Back-End\\backend-expert\\src\\Interfaces\\http\\api\\users\\handler.js": {"path":"D:\\Dicoding\\Back-End\\backend-expert\\src\\Interfaces\\http\\api\\users\\handler.js","statementMap":{"0":{"start":{"line":1,"column":23},"end":{"line":1,"column":82}},"1":{"start":{"line":4,"column":4},"end":{"line":4,"column":32}},"2":{"start":{"line":5,"column":4},"end":{"line":5,"column":59}},"3":{"start":{"line":9,"column":27},"end":{"line":9,"column":75}},"4":{"start":{"line":10,"column":22},"end":{"line":10,"column":67}},"5":{"start":{"line":12,"column":21},"end":{"line":17,"column":6}},"6":{"start":{"line":18,"column":4},"end":{"line":18,"column":23}},"7":{"start":{"line":19,"column":4},"end":{"line":19,"column":20}},"8":{"start":{"line":23,"column":0},"end":{"line":23,"column":30}}},"fnMap":{"0":{"name":"(anonymous_0)","decl":{"start":{"line":3,"column":2},"end":{"line":3,"column":3}},"loc":{"start":{"line":3,"column":25},"end":{"line":6,"column":3}},"line":3},"1":{"name":"(anonymous_1)","decl":{"start":{"line":8,"column":2},"end":{"line":8,"column":3}},"loc":{"start":{"line":8,"column":36},"end":{"line":20,"column":3}},"line":8}},"branchMap":{},"s":{"0":1,"1":6,"2":6,"3":5,"4":4,"5":1,"6":1,"7":1,"8":1},"f":{"0":6,"1":5},"b":{},"_coverageSchema":"1a1c01bbd47fc00a2c39e90264f33305004495a9","hash":"859c6246708f7d55430f80a1d9028714b2fa1d82"}
,"D:\\Dicoding\\Back-End\\backend-expert\\src\\Interfaces\\http\\api\\users\\index.js": {"path":"D:\\Dicoding\\Back-End\\backend-expert\\src\\Interfaces\\http\\api\\users\\index.js","statementMap":{"0":{"start":{"line":1,"column":21},"end":{"line":1,"column":41}},"1":{"start":{"line":2,"column":15},"end":{"line":2,"column":34}},"2":{"start":{"line":4,"column":0},"end":{"line":10,"column":2}},"3":{"start":{"line":7,"column":25},"end":{"line":7,"column":52}},"4":{"start":{"line":8,"column":4},"end":{"line":8,"column":39}}},"fnMap":{"0":{"name":"(anonymous_0)","decl":{"start":{"line":6,"column":12},"end":{"line":6,"column":13}},"loc":{"start":{"line":6,"column":43},"end":{"line":9,"column":3}},"line":6}},"branchMap":{},"s":{"0":1,"1":1,"2":1,"3":6,"4":6},"f":{"0":6},"b":{},"_coverageSchema":"1a1c01bbd47fc00a2c39e90264f33305004495a9","hash":"edf5de71a2bc41eb8f8af01799e4b3bf2e155836"}
,"D:\\Dicoding\\Back-End\\backend-expert\\src\\Interfaces\\http\\api\\users\\routes.js": {"path":"D:\\Dicoding\\Back-End\\backend-expert\\src\\Interfaces\\http\\api\\users\\routes.js","statementMap":{"0":{"start":{"line":1,"column":15},"end":{"line":7,"column":2}},"1":{"start":{"line":1,"column":29},"end":{"line":7,"column":1}},"2":{"start":{"line":9,"column":0},"end":{"line":9,"column":24}}},"fnMap":{"0":{"name":"(anonymous_0)","decl":{"start":{"line":1,"column":15},"end":{"line":1,"column":16}},"loc":{"start":{"line":1,"column":29},"end":{"line":7,"column":1}},"line":1}},"branchMap":{},"s":{"0":1,"1":6,"2":1},"f":{"0":6},"b":{},"_coverageSchema":"1a1c01bbd47fc00a2c39e90264f33305004495a9","hash":"fa6e2a76836b6334689a70bf87b63595aa9339e1"}
,"D:\\Dicoding\\Back-End\\backend-expert\\tests\\AuthenticationsTableTestHelper.js": {"path":"D:\\Dicoding\\Back-End\\backend-expert\\tests\\AuthenticationsTableTestHelper.js","statementMap":{"0":{"start":{"line":1,"column":13},"end":{"line":1,"column":69}},"1":{"start":{"line":3,"column":39},"end":{"line":24,"column":1}},"2":{"start":{"line":6,"column":18},"end":{"line":9,"column":5}},"3":{"start":{"line":10,"column":4},"end":{"line":10,"column":28}},"4":{"start":{"line":14,"column":18},"end":{"line":17,"column":5}},"5":{"start":{"line":18,"column":19},"end":{"line":18,"column":42}},"6":{"start":{"line":19,"column":4},"end":{"line":19,"column":23}},"7":{"start":{"line":22,"column":4},"end":{"line":22,"column":62}},"8":{"start":{"line":26,"column":0},"end":{"line":26,"column":48}}},"fnMap":{"0":{"name":"(anonymous_0)","decl":{"start":{"line":5,"column":2},"end":{"line":5,"column":3}},"loc":{"start":{"line":5,"column":24},"end":{"line":11,"column":3}},"line":5},"1":{"name":"(anonymous_1)","decl":{"start":{"line":13,"column":2},"end":{"line":13,"column":3}},"loc":{"start":{"line":13,"column":25},"end":{"line":20,"column":3}},"line":13},"2":{"name":"(anonymous_2)","decl":{"start":{"line":21,"column":2},"end":{"line":21,"column":3}},"loc":{"start":{"line":21,"column":21},"end":{"line":23,"column":3}},"line":21}},"branchMap":{},"s":{"0":1,"1":1,"2":2,"3":2,"4":2,"5":2,"6":2,"7":4,"8":1},"f":{"0":2,"1":2,"2":4},"b":{},"_coverageSchema":"1a1c01bbd47fc00a2c39e90264f33305004495a9","hash":"a12b81b18cdfc957c332cca3436bbb7c5f044609"}
}
