TN:
SF:src\Applications\security\PasswordHash.js
FN:2,(anonymous_0)
FNF:1
FNH:1
FNDA:1,(anonymous_0)
DA:3,1
DA:6,4
LF:2
LH:2
BRF:0
BRH:0
end_of_record
TN:
SF:src\Applications\user_case\AddUserUseCase.js
FN:4,(anonymous_0)
FN:9,(anonymous_1)
FNF:2
FNH:2
FNDA:2,(anonymous_0)
FNDA:4,(anonymous_1)
DA:1,2
DA:5,2
DA:6,2
DA:10,4
DA:11,2
DA:12,1
DA:13,1
DA:17,2
LF:8
LH:8
BRF:0
BRH:0
end_of_record
TN:
SF:src\Commons\exceptions\AuthenticationError.js
FN:4,(anonymous_0)
FNF:1
FNH:1
FNDA:1,(anonymous_0)
DA:1,1
DA:5,1
DA:6,1
DA:9,1
LF:4
LH:4
BRF:0
BRH:0
end_of_record
TN:
SF:src\Commons\exceptions\ClientError.js
FN:2,(anonymous_0)
FNF:1
FNH:1
FNDA:16,(anonymous_0)
DA:3,16
DA:5,16
DA:6,1
DA:8,15
DA:9,15
DA:13,7
LF:6
LH:6
BRDA:2,0,0,14
BRDA:5,1,0,1
BRDA:5,1,1,15
BRF:3
BRH:3
end_of_record
TN:
SF:src\Commons\exceptions\DomainErrorTranslator.js
FN:4,(anonymous_0)
FNF:1
FNH:1
FNDA:10,(anonymous_0)
DA:1,2
DA:3,2
DA:5,10
DA:9,2
DA:15,2
LF:5
LH:5
BRDA:5,0,0,10
BRDA:5,0,1,4
BRF:2
BRH:2
end_of_record
TN:
SF:src\Commons\exceptions\InvariantError.js
FN:4,(anonymous_0)
FNF:1
FNH:1
FNDA:13,(anonymous_0)
DA:1,4
DA:5,13
DA:6,13
DA:9,4
LF:4
LH:4
BRF:0
BRH:0
end_of_record
TN:
SF:src\Commons\exceptions\NotFoundError.js
FN:4,(anonymous_0)
FNF:1
FNH:1
FNDA:1,(anonymous_0)
DA:1,1
DA:5,1
DA:6,1
DA:10,1
LF:4
LH:4
BRF:0
BRH:0
end_of_record
TN:
SF:src\Domains\users\UserRepository.js
FN:2,(anonymous_0)
FN:6,(anonymous_1)
FNF:2
FNH:2
FNDA:1,(anonymous_0)
FNDA:1,(anonymous_1)
DA:3,1
DA:7,1
DA:11,4
LF:3
LH:3
BRF:0
BRH:0
end_of_record
TN:
SF:src\Domains\users\entities\RegisterUser.js
FN:2,(anonymous_0)
FNF:1
FNH:1
FNDA:12,(anonymous_0)
DA:3,12
DA:4,2
DA:7,10
DA:8,1
DA:11,9
DA:12,1
DA:16,8
DA:17,2
DA:20,6
DA:21,6
DA:22,6
DA:26,4
LF:12
LH:12
BRDA:3,0,0,2
BRDA:3,0,1,10
BRDA:3,1,0,12
BRDA:3,1,1,11
BRDA:3,1,2,11
BRDA:7,2,0,1
BRDA:7,2,1,9
BRDA:7,3,0,10
BRDA:7,3,1,9
BRDA:7,3,2,9
BRDA:11,4,0,1
BRDA:11,4,1,8
BRDA:16,5,0,2
BRDA:16,5,1,6
BRF:14
BRH:14
end_of_record
TN:
SF:src\Domains\users\entities\RegisteredUser.js
FN:2,(anonymous_0)
FN:12,(anonymous_1)
FNF:2
FNH:2
FNDA:4,(anonymous_0)
FNDA:4,(anonymous_1)
DA:3,4
DA:5,2
DA:7,2
DA:8,2
DA:9,2
DA:13,4
DA:14,1
DA:17,3
DA:18,1
DA:23,4
LF:10
LH:10
BRDA:13,0,0,1
BRDA:13,0,1,3
BRDA:13,1,0,4
BRDA:13,1,1,3
BRDA:13,1,2,3
BRDA:17,2,0,1
BRDA:17,2,1,2
BRDA:17,3,0,3
BRDA:17,3,1,2
BRDA:17,3,2,2
BRF:10
BRH:10
end_of_record
TN:
SF:src\Infrastructures\database\postgres\pool.js
FNF:0
FNH:0
DA:1,2
DA:3,2
DA:11,2
DA:14,2
LF:4
LH:4
BRDA:11,0,0,2
BRDA:11,0,1,0
BRF:2
BRH:1
end_of_record
TN:
SF:src\Infrastructures\http\createServer.js
FN:6,(anonymous_0)
FN:19,(anonymous_1)
FNF:2
FNH:2
FNDA:5,(anonymous_0)
FNDA:5,(anonymous_1)
DA:1,1
DA:2,1
DA:3,1
DA:4,1
DA:6,1
DA:7,5
DA:12,5
DA:19,5
DA:20,5
DA:22,5
DA:23,5
DA:25,5
DA:26,2
DA:30,2
DA:31,2
DA:34,3
DA:35,1
DA:38,2
DA:42,2
DA:43,2
DA:46,0
DA:49,5
DA:52,1
LF:23
LH:22
BRDA:22,0,0,5
BRDA:22,0,1,0
BRDA:25,1,0,2
BRDA:25,1,1,3
BRDA:34,2,0,1
BRDA:34,2,1,2
BRF:6
BRH:5
end_of_record
TN:
SF:src\Infrastructures\http\api\users\handler.js
FN:3,(anonymous_0)
FN:9,(anonymous_1)
FNF:2
FNH:2
FNDA:5,(anonymous_0)
FNDA:4,(anonymous_1)
DA:1,1
DA:4,5
DA:6,5
DA:10,4
DA:11,3
DA:13,0
DA:19,0
DA:20,0
DA:24,1
LF:9
LH:6
BRF:0
BRH:0
end_of_record
TN:
SF:src\Infrastructures\http\api\users\index.js
FN:6,(anonymous_0)
FNF:1
FNH:1
FNDA:5,(anonymous_0)
DA:1,1
DA:2,1
DA:4,1
DA:7,5
DA:8,5
LF:5
LH:5
BRF:0
BRH:0
end_of_record
TN:
SF:src\Infrastructures\http\api\users\routes.js
FN:1,(anonymous_0)
FNF:1
FNH:1
FNDA:5,(anonymous_0)
DA:1,5
DA:9,1
LF:2
LH:2
BRF:0
BRH:0
end_of_record
TN:
SF:src\Infrastructures\repository\UserRepositoryPostgres.js
FN:6,(anonymous_0)
FN:12,(anonymous_1)
FN:25,(anonymous_2)
FNF:3
FNH:3
FNDA:4,(anonymous_0)
FNDA:2,(anonymous_1)
FNDA:2,(anonymous_2)
DA:1,2
DA:2,2
DA:3,2
DA:7,4
DA:8,4
DA:9,4
DA:13,2
DA:18,2
DA:20,0
DA:21,0
DA:26,2
DA:27,2
DA:29,2
DA:34,2
DA:36,0
DA:40,2
LF:16
LH:13
BRDA:20,0,0,0
BRDA:20,0,1,0
BRF:2
BRH:0
end_of_record
TN:
SF:src\Infrastructures\security\BcryptPasswordHash.js
FN:4,(anonymous_0)
FN:10,(anonymous_1)
FNF:2
FNH:2
FNDA:2,(anonymous_0)
FNDA:1,(anonymous_1)
DA:1,2
DA:5,2
DA:6,2
DA:7,2
DA:11,1
DA:15,2
LF:6
LH:6
BRDA:4,0,0,2
BRF:1
BRH:1
end_of_record
